1TEST OF THE CONTINUED FRACTION  BESSEL ROUTINES



 SMALLEST ACC ALLOWED ON THIS MACHINE =  1.12E-16

0Z =      0.0100   0.0000, NU(MIN) =   0.2000000  NL =  11  MODE =  -2        CAMPBELL: I,K       
 BESSCC  :: IFAIL =   0  ACCUR =   1.1E-16  ITS =     5     0     0, KASE = 3

 NU =   0.200 :: I = 3.73712478955D-01 0.00000000000D+00,  K =  5.67109935638D+00 0.00000000000D+00
 NU =   1.200 :: I = 1.55712058357D-03 0.00000000000D+00,  K =  2.67561762171D+02 0.00000000000D+00
 NU =   3.200 :: I = 5.52951760527D-09 0.00000000000D+00,  K =  2.82572849307D+07 0.00000000000D+00
 NU =  10.200 :: I = 5.75833581320D-31 0.00000000000D+00,  K =  8.51280398481D+28 0.00000000000D+00

0Z =     12.2000  13.3000, NU(MIN) =   0.1000000  NL =  31  MODE =  -2        CAMPBELL: I,K       
 BESSCC  :: IFAIL =   0  ACCUR =   1.1E-16  ITS =    14    18     0, KASE = 2

 NU =   0.100 :: I = 8.97067490386D-02 2.91600142087D-02,  K =  1.21799426150D-01-2.67243391440D-01
 NU =   1.100 :: I = 8.69698296389D-02 3.07378697847D-02,  K =  1.18086238534D-01-2.76194408262D-01
 NU =   3.100 :: I = 6.85137743833D-02 3.90017257908D-02,  K =  8.33220774949D-02-3.41784204172D-01
 NU =  10.100 :: I =-9.97746863581D-03 8.63426389444D-03,  K = -2.07666335500D+00-8.32522042385D-02
 NU =  30.100 :: I =-5.14314589898D-10 4.51443167494D-10,  K = -2.04395729444D+07-1.23432440464D+07

0Z =     12.2000  13.3000, NU(MIN) =   0.1000000  NL =  31  MODE =   1        I,K NOT SCALED      
 BESSCC  :: IFAIL =   0  ACCUR =   1.1E-16  ITS =    14    18     0, KASE = 2

 NU =   0.100 :: I = 1.78327284932D+04 5.79669447186D+03,  K =  6.12706606217D-07-1.34435601693D-06
                 I'= 1.73791185986D+04 6.05925271341D+03,  K' =-5.97221917913D-07 1.38184674925D-06
 NU =   1.100 :: I = 1.72886586090D+04 6.11035504245D+03,  K =  5.94027580754D-07-1.38938370970D-06
                 I'= 1.68459962524D+04 6.32146072237D+03,  K' =-5.74776929678D-07 1.42827875322D-06
 NU =   3.100 :: I = 1.36197950513D+04 7.75311996307D+03,  K =  4.19148011930D-07-1.71933026630D-06
                 I'= 1.32965225234D+04 7.66998024387D+03,  K' =-3.67885815542D-07 1.76488482602D-06
 NU =  10.100 :: I =-1.98341252067D+03 1.71639799032D+03,  K = -1.04465628182D-05-4.18796517616D-07
                 I'=-1.68776286080D+03 1.95574468615D+03,  K' = 1.07444644340D-05-1.34394922805D-06
 NU =  30.100 :: I =-1.02240160746D-04 8.97420040555D-05,  K = -1.02820364325D+02-6.20921412232D+01
                 I'=-4.43279185418D-05 2.25772742541D-04,  K' = 2.03066790405D+02-2.09909921000D+01

0Z =      0.0000  19.2000, NU(MIN) =   0.7280000  NL =  11  MODE =  -1        CAMPBELL: I         
 BESSCC  :: IFAIL =   0  ACCUR =   1.1E-16  ITS =    42     0     0, KASE = 3

 NU =   0.728 :: I =-3.13641975380D-05-6.88861621061D-05,  K =  1.18653850886D-01-2.60316218170D-01
                 I'= 1.65692906800D-01-7.54407692436D-02,  K' =-1.11824784834D-01 2.63310015119D-01
 NU =   1.728 :: I = 1.65695518734D-01-7.54419584695D-02,  K =  1.01954461562D-01-2.67808973632D-01
                 I'= 6.75841206471D-03 1.48437105239D-02,  K' =-9.45510432596D-02 2.69492119711D-01
 NU =   3.728 :: I = 1.57239768101D-01-7.15920149532D-02,  K =  2.27662988565D-02-2.87828013924D-01
                 I'= 2.74489712304D-02 6.02870288497D-02,  K' =-1.45616295959D-02 2.83088477613D-01
 NU =  10.728 :: I = 6.55051721147D-03 1.43871045947D-02,  K = -1.52194161742D-01 2.74343890690D-01
                 I'=-1.51154841677D-01 6.88215189851D-02,  K' = 1.16204527658D-01-2.33745529556D-01

0Z =     -0.0100   0.0010, NU(MIN) =   0.2000000  NL =  11  MODE =  -1        I,K NEAR -Z AXIS    
 BESSCC  :: IFAIL =   0  ACCUR =   1.1E-16  ITS =     5     0     0, KASE = 3

 NU =   0.200 :: I = 3.06964201039D-01 2.13803997400D-01,  K =  4.55520566224D+00-4.31557371451D+00
                 I'=-5.65649286643D+00-4.84235536949D+00,  K' = 1.28945674422D+02-5.05305696684D+01
 NU =   1.200 :: I =-1.36808823250D-03-7.62943677217D-04,  K = -2.27693457267D+02 1.26967265674D+02
                 I'= 1.53483741857D-01 1.06902710215D-01,  K' =-2.85657651662D+04 1.23842664585D+04
 NU =   3.200 :: I =-5.35151807941D-09-1.71056691893D-09,  K = -2.59660639498D+07 8.29979897272D+06
                 I'= 1.64134087548D-06 7.11516243461D-07,  K' =-8.48989280128D+09 1.80697686806D+09
 NU =  10.200 :: I = 5.60708812257D-31-2.29370047001D-31,  K =  7.34089697059D+28 3.00295324895D+28
                 I'=-5.89424728489D-28 1.75015126529D-28,  K' = 7.11031472570D+31 3.77404460430D+31

0Z =    -12.2000  13.3000, NU(MIN) =   0.1000000  NL =  31  MODE =  -2        I,K RE(Z) < 0       
 BESSCC  :: IFAIL =   0  ACCUR =   1.1E-16  ITS =    14    18     0, KASE = 2

 NU =   0.100 :: I = 9.43271281755D-02-1.19115653690D-05,  K = -9.16088864115D-02-2.81822063752D-01
 NU =   1.100 :: I =-9.22117473336D-02 2.35829599949D-03,  K = -9.65658659078D-02-2.73223777883D-01
 NU =   3.100 :: I =-7.72126676625D-02 1.59209248269D-02,  K = -1.22527535227D-01-2.15242370280D-01
 NU =  10.100 :: I =-6.82100228492D-03-1.12948803095D-02,  K = -2.71253400693D-02 3.13451421859D-02
 NU =  30.100 :: I =-3.49638631398D-10-5.88279914916D-10,  K = -3.95397495915D-04 4.56899665500D-04

0Z =    -12.2000  13.3000, NU(MIN) =   0.1000000  NL =  31  MODE =   1        RE(Z)<0,NO SCALING  
 BESSCC  :: IFAIL =   0  ACCUR =   1.1E-16  ITS =    14    18     0, KASE = 2

 NU =   0.100 :: I = 1.87512097398D+04-2.36788996848D+00,  K = -1.82108527669D+04-5.60231688265D+04
                 I'=-1.84009360523D+04 3.92248782751D+02,  K' = 1.90357038117D+04 5.45981113162D+04
 NU =   1.100 :: I =-1.83306949778D+04 4.68803659883D+02,  K = -1.91962465132D+04-5.43139228775D+04
                 I'= 1.79749333018D+04-8.06367283363D+02,  K' = 1.98594545644D+04 5.29232580676D+04
 NU =   3.100 :: I =-1.53490406621D+04 3.16490713176D+03,  K = -2.43571447193D+04-4.27878480779D+04
                 I'= 1.50158986319D+04-3.18573326496D+03,  K' = 2.40959535864D+04 4.17722574764D+04
 NU =  10.100 :: I =-1.35594125416D+03-2.24529966899D+03,  K = -5.39222332683D+03 6.23107420760D+03
                 I'= 1.00079952204D+03 2.38157113443D+03,  K' = 6.14415312766D+03-5.30226340244D+03
 NU =  30.100 :: I =-6.95043667425D-05-1.16943664921D-04,  K = -7.86007325769D+01 9.08266966623D+01
                 I'=-2.76092585288D-05 2.28420718150D-04,  K' =-1.99613858260D+02 4.27873301479D+01

0Z =      0.0000 500.2000, NU(MIN) =   0.7280000  NL =   9  MODE =  -2        LARGE IM(Z)         
 BESSCC  :: IFAIL =   0  ACCUR =   1.1E-16  ITS =     0     6     3, KASE = 1

 NU =   0.728 :: I =-4.77502977849D-03-1.04875463491D-02,  K = -5.50253933388D-03 5.57679149416D-02
 NU =   1.728 :: I =-3.07021632175D-02 1.39788410699D-02,  K = -5.36562495813D-03 5.57813925777D-02
 NU =   3.728 :: I =-3.05854550488D-02 1.39257032852D-02,  K = -4.75692441680D-03 5.58372084014D-02

0Z =      0.0000   0.0010, NU(MIN) =   0.0000001  NL =   9  MODE =  -2        A COULCC ERROR      
 BESSCC  :: IFAIL =   0  ACCUR =   1.1E-16  ITS =     4     0     0, KASE = 3

 NU =   0.000 :: I = 9.99999047632D-01 1.57079483082D-07,  K =  7.02368478872D+00-1.57079593410D+00
 NU =   1.000 :: I =-7.85397435044D-11 4.99999536316D-04,  K = -9.42477768782D-04-1.00000446421D+03
 NU =   3.000 :: I = 3.27248924451D-18-2.08333135791D-11,  K =  1.25663828821D+03 8.00000781895D+09
