\BOOKMARK [0][-]{chapter.1}{\376\377\0001\000\040\000T\000o\000d\000o\000\040\000L\000i\000s\000t}{}% 1
\BOOKMARK [0][-]{chapter.2}{\376\377\0002\000\040\000F\000i\000l\000e\000\040\000I\000n\000d\000e\000x}{}% 2
\BOOKMARK [1][-]{section.2.1}{\376\377\0002\000.\0001\000\040\000F\000i\000l\000e\000\040\000L\000i\000s\000t}{chapter.2}% 3
\BOOKMARK [0][-]{chapter.3}{\376\377\0003\000\040\000F\000i\000l\000e\000\040\000D\000o\000c\000u\000m\000e\000n\000t\000a\000t\000i\000o\000n}{}% 4
\BOOKMARK [1][-]{section.3.1}{\376\377\0003\000.\0001\000\040\000s\000f\000\137\000a\000i\000r\000y\000.\000t\000c\000c\000\040\000F\000i\000l\000e\000\040\000R\000e\000f\000e\000r\000e\000n\000c\000e}{chapter.3}% 5
\BOOKMARK [2][-]{subsection.3.1.1}{\376\377\0003\000.\0001\000.\0001\000\040\000M\000a\000c\000r\000o\000\040\000D\000e\000f\000i\000n\000i\000t\000i\000o\000n\000\040\000D\000o\000c\000u\000m\000e\000n\000t\000a\000t\000i\000o\000n}{section.3.1}% 6
\BOOKMARK [3][-]{subsubsection.3.1.1.1}{\376\377\0003\000.\0001\000.\0001\000.\0001\000\040\000\137\000G\000L\000I\000B\000C\000X\000X\000\137\000B\000I\000T\000S\000\137\000S\000F\000\137\000A\000I\000R\000Y\000\137\000T\000C\000C}{subsection.3.1.1}% 7
\BOOKMARK [2][-]{subsection.3.1.2}{\376\377\0003\000.\0001\000.\0002\000\040\000F\000u\000n\000c\000t\000i\000o\000n\000\040\000D\000o\000c\000u\000m\000e\000n\000t\000a\000t\000i\000o\000n}{section.3.1}% 8
\BOOKMARK [3][-]{subsubsection.3.1.2.1}{\376\377\0003\000.\0001\000.\0002\000.\0001\000\040\000\137\000G\000L\000I\000B\000C\000X\000X\000\137\000V\000I\000S\000I\000B\000I\000L\000I\000T\000Y}{subsection.3.1.2}% 9
\BOOKMARK [1][-]{section.3.2}{\376\377\0003\000.\0002\000\040\000s\000f\000\137\000b\000e\000s\000s\000e\000l\000.\000t\000c\000c\000\040\000F\000i\000l\000e\000\040\000R\000e\000f\000e\000r\000e\000n\000c\000e}{chapter.3}% 10
\BOOKMARK [2][-]{subsection.3.2.1}{\376\377\0003\000.\0002\000.\0001\000\040\000M\000a\000c\000r\000o\000\040\000D\000e\000f\000i\000n\000i\000t\000i\000o\000n\000\040\000D\000o\000c\000u\000m\000e\000n\000t\000a\000t\000i\000o\000n}{section.3.2}% 11
\BOOKMARK [3][-]{subsubsection.3.2.1.1}{\376\377\0003\000.\0002\000.\0001\000.\0001\000\040\000\137\000G\000L\000I\000B\000C\000X\000X\000\137\000B\000I\000T\000S\000\137\000S\000F\000\137\000B\000E\000S\000S\000E\000L\000\137\000T\000C\000C}{subsection.3.2.1}% 12
\BOOKMARK [2][-]{subsection.3.2.2}{\376\377\0003\000.\0002\000.\0002\000\040\000F\000u\000n\000c\000t\000i\000o\000n\000\040\000D\000o\000c\000u\000m\000e\000n\000t\000a\000t\000i\000o\000n}{section.3.2}% 13
\BOOKMARK [3][-]{subsubsection.3.2.2.1}{\376\377\0003\000.\0002\000.\0002\000.\0001\000\040\000\137\000G\000L\000I\000B\000C\000X\000X\000\137\000V\000I\000S\000I\000B\000I\000L\000I\000T\000Y}{subsection.3.2.2}% 14
\BOOKMARK [1][-]{section.3.3}{\376\377\0003\000.\0003\000\040\000s\000f\000\137\000b\000e\000t\000a\000.\000t\000c\000c\000\040\000F\000i\000l\000e\000\040\000R\000e\000f\000e\000r\000e\000n\000c\000e}{chapter.3}% 15
\BOOKMARK [2][-]{subsection.3.3.1}{\376\377\0003\000.\0003\000.\0001\000\040\000M\000a\000c\000r\000o\000\040\000D\000e\000f\000i\000n\000i\000t\000i\000o\000n\000\040\000D\000o\000c\000u\000m\000e\000n\000t\000a\000t\000i\000o\000n}{section.3.3}% 16
\BOOKMARK [3][-]{subsubsection.3.3.1.1}{\376\377\0003\000.\0003\000.\0001\000.\0001\000\040\000\137\000G\000L\000I\000B\000C\000X\000X\000\137\000B\000I\000T\000S\000\137\000S\000F\000\137\000B\000E\000T\000A\000\137\000T\000C\000C}{subsection.3.3.1}% 17
\BOOKMARK [2][-]{subsection.3.3.2}{\376\377\0003\000.\0003\000.\0002\000\040\000F\000u\000n\000c\000t\000i\000o\000n\000\040\000D\000o\000c\000u\000m\000e\000n\000t\000a\000t\000i\000o\000n}{section.3.3}% 18
\BOOKMARK [3][-]{subsubsection.3.3.2.1}{\376\377\0003\000.\0003\000.\0002\000.\0001\000\040\000\137\000G\000L\000I\000B\000C\000X\000X\000\137\000V\000I\000S\000I\000B\000I\000L\000I\000T\000Y}{subsection.3.3.2}% 19
\BOOKMARK [1][-]{section.3.4}{\376\377\0003\000.\0004\000\040\000s\000f\000\137\000c\000a\000r\000d\000i\000n\000a\000l\000.\000t\000c\000c\000\040\000F\000i\000l\000e\000\040\000R\000e\000f\000e\000r\000e\000n\000c\000e}{chapter.3}% 20
\BOOKMARK [2][-]{subsection.3.4.1}{\376\377\0003\000.\0004\000.\0001\000\040\000M\000a\000c\000r\000o\000\040\000D\000e\000f\000i\000n\000i\000t\000i\000o\000n\000\040\000D\000o\000c\000u\000m\000e\000n\000t\000a\000t\000i\000o\000n}{section.3.4}% 21
\BOOKMARK [3][-]{subsubsection.3.4.1.1}{\376\377\0003\000.\0004\000.\0001\000.\0001\000\040\000\137\000G\000L\000I\000B\000C\000X\000X\000\137\000B\000I\000T\000S\000\137\000S\000F\000\137\000C\000A\000R\000D\000I\000N\000A\000L\000\137\000T\000C\000C}{subsection.3.4.1}% 22
\BOOKMARK [2][-]{subsection.3.4.2}{\376\377\0003\000.\0004\000.\0002\000\040\000F\000u\000n\000c\000t\000i\000o\000n\000\040\000D\000o\000c\000u\000m\000e\000n\000t\000a\000t\000i\000o\000n}{section.3.4}% 23
\BOOKMARK [3][-]{subsubsection.3.4.2.1}{\376\377\0003\000.\0004\000.\0002\000.\0001\000\040\000\137\000G\000L\000I\000B\000C\000X\000X\000\137\000V\000I\000S\000I\000B\000I\000L\000I\000T\000Y}{subsection.3.4.2}% 24
\BOOKMARK [1][-]{section.3.5}{\376\377\0003\000.\0005\000\040\000s\000f\000\137\000c\000h\000e\000b\000y\000s\000h\000e\000v\000.\000t\000c\000c\000\040\000F\000i\000l\000e\000\040\000R\000e\000f\000e\000r\000e\000n\000c\000e}{chapter.3}% 25
\BOOKMARK [2][-]{subsection.3.5.1}{\376\377\0003\000.\0005\000.\0001\000\040\000M\000a\000c\000r\000o\000\040\000D\000e\000f\000i\000n\000i\000t\000i\000o\000n\000\040\000D\000o\000c\000u\000m\000e\000n\000t\000a\000t\000i\000o\000n}{section.3.5}% 26
\BOOKMARK [3][-]{subsubsection.3.5.1.1}{\376\377\0003\000.\0005\000.\0001\000.\0001\000\040\000\137\000G\000L\000I\000B\000C\000X\000X\000\137\000S\000F\000\137\000C\000H\000E\000B\000Y\000S\000H\000E\000V\000\137\000T\000C\000C}{subsection.3.5.1}% 27
\BOOKMARK [2][-]{subsection.3.5.2}{\376\377\0003\000.\0005\000.\0002\000\040\000F\000u\000n\000c\000t\000i\000o\000n\000\040\000D\000o\000c\000u\000m\000e\000n\000t\000a\000t\000i\000o\000n}{section.3.5}% 28
\BOOKMARK [3][-]{subsubsection.3.5.2.1}{\376\377\0003\000.\0005\000.\0002\000.\0001\000\040\000\137\000G\000L\000I\000B\000C\000X\000X\000\137\000V\000I\000S\000I\000B\000I\000L\000I\000T\000Y}{subsection.3.5.2}% 29
\BOOKMARK [1][-]{section.3.6}{\376\377\0003\000.\0006\000\040\000s\000f\000\137\000d\000a\000w\000s\000o\000n\000.\000t\000c\000c\000\040\000F\000i\000l\000e\000\040\000R\000e\000f\000e\000r\000e\000n\000c\000e}{chapter.3}% 30
\BOOKMARK [2][-]{subsection.3.6.1}{\376\377\0003\000.\0006\000.\0001\000\040\000M\000a\000c\000r\000o\000\040\000D\000e\000f\000i\000n\000i\000t\000i\000o\000n\000\040\000D\000o\000c\000u\000m\000e\000n\000t\000a\000t\000i\000o\000n}{section.3.6}% 31
\BOOKMARK [3][-]{subsubsection.3.6.1.1}{\376\377\0003\000.\0006\000.\0001\000.\0001\000\040\000\137\000G\000L\000I\000B\000C\000X\000X\000\137\000S\000F\000\137\000D\000A\000W\000S\000O\000N\000\137\000T\000C\000C}{subsection.3.6.1}% 32
\BOOKMARK [2][-]{subsection.3.6.2}{\376\377\0003\000.\0006\000.\0002\000\040\000F\000u\000n\000c\000t\000i\000o\000n\000\040\000D\000o\000c\000u\000m\000e\000n\000t\000a\000t\000i\000o\000n}{section.3.6}% 33
\BOOKMARK [3][-]{subsubsection.3.6.2.1}{\376\377\0003\000.\0006\000.\0002\000.\0001\000\040\000\137\000G\000L\000I\000B\000C\000X\000X\000\137\000V\000I\000S\000I\000B\000I\000L\000I\000T\000Y}{subsection.3.6.2}% 34
\BOOKMARK [1][-]{section.3.7}{\376\377\0003\000.\0007\000\040\000s\000f\000\137\000e\000l\000l\000i\000n\000t\000.\000t\000c\000c\000\040\000F\000i\000l\000e\000\040\000R\000e\000f\000e\000r\000e\000n\000c\000e}{chapter.3}% 35
\BOOKMARK [2][-]{subsection.3.7.1}{\376\377\0003\000.\0007\000.\0001\000\040\000M\000a\000c\000r\000o\000\040\000D\000e\000f\000i\000n\000i\000t\000i\000o\000n\000\040\000D\000o\000c\000u\000m\000e\000n\000t\000a\000t\000i\000o\000n}{section.3.7}% 36
\BOOKMARK [3][-]{subsubsection.3.7.1.1}{\376\377\0003\000.\0007\000.\0001\000.\0001\000\040\000\137\000G\000L\000I\000B\000C\000X\000X\000\137\000B\000I\000T\000S\000\137\000S\000F\000\137\000E\000L\000L\000I\000N\000T\000\137\000T\000C\000C}{subsection.3.7.1}% 37
\BOOKMARK [2][-]{subsection.3.7.2}{\376\377\0003\000.\0007\000.\0002\000\040\000F\000u\000n\000c\000t\000i\000o\000n\000\040\000D\000o\000c\000u\000m\000e\000n\000t\000a\000t\000i\000o\000n}{section.3.7}% 38
\BOOKMARK [3][-]{subsubsection.3.7.2.1}{\376\377\0003\000.\0007\000.\0002\000.\0001\000\040\000\137\000G\000L\000I\000B\000C\000X\000X\000\137\000V\000I\000S\000I\000B\000I\000L\000I\000T\000Y}{subsection.3.7.2}% 39
\BOOKMARK [1][-]{section.3.8}{\376\377\0003\000.\0008\000\040\000s\000f\000\137\000e\000x\000p\000i\000n\000t\000.\000t\000c\000c\000\040\000F\000i\000l\000e\000\040\000R\000e\000f\000e\000r\000e\000n\000c\000e}{chapter.3}% 40
\BOOKMARK [2][-]{subsection.3.8.1}{\376\377\0003\000.\0008\000.\0001\000\040\000M\000a\000c\000r\000o\000\040\000D\000e\000f\000i\000n\000i\000t\000i\000o\000n\000\040\000D\000o\000c\000u\000m\000e\000n\000t\000a\000t\000i\000o\000n}{section.3.8}% 41
\BOOKMARK [3][-]{subsubsection.3.8.1.1}{\376\377\0003\000.\0008\000.\0001\000.\0001\000\040\000\137\000G\000L\000I\000B\000C\000X\000X\000\137\000B\000I\000T\000S\000\137\000S\000F\000\137\000E\000X\000P\000I\000N\000T\000\137\000T\000C\000C}{subsection.3.8.1}% 42
\BOOKMARK [2][-]{subsection.3.8.2}{\376\377\0003\000.\0008\000.\0002\000\040\000F\000u\000n\000c\000t\000i\000o\000n\000\040\000D\000o\000c\000u\000m\000e\000n\000t\000a\000t\000i\000o\000n}{section.3.8}% 43
\BOOKMARK [3][-]{subsubsection.3.8.2.1}{\376\377\0003\000.\0008\000.\0002\000.\0001\000\040\000\137\000G\000L\000I\000B\000C\000X\000X\000\137\000V\000I\000S\000I\000B\000I\000L\000I\000T\000Y}{subsection.3.8.2}% 44
\BOOKMARK [1][-]{section.3.9}{\376\377\0003\000.\0009\000\040\000s\000f\000\137\000f\000r\000e\000s\000n\000e\000l\000.\000t\000c\000c\000\040\000F\000i\000l\000e\000\040\000R\000e\000f\000e\000r\000e\000n\000c\000e}{chapter.3}% 45
\BOOKMARK [2][-]{subsection.3.9.1}{\376\377\0003\000.\0009\000.\0001\000\040\000M\000a\000c\000r\000o\000\040\000D\000e\000f\000i\000n\000i\000t\000i\000o\000n\000\040\000D\000o\000c\000u\000m\000e\000n\000t\000a\000t\000i\000o\000n}{section.3.9}% 46
\BOOKMARK [3][-]{subsubsection.3.9.1.1}{\376\377\0003\000.\0009\000.\0001\000.\0001\000\040\000\137\000G\000L\000I\000B\000C\000X\000X\000\137\000S\000F\000\137\000F\000R\000E\000S\000N\000E\000L\000\137\000T\000C\000C}{subsection.3.9.1}% 47
\BOOKMARK [2][-]{subsection.3.9.2}{\376\377\0003\000.\0009\000.\0002\000\040\000F\000u\000n\000c\000t\000i\000o\000n\000\040\000D\000o\000c\000u\000m\000e\000n\000t\000a\000t\000i\000o\000n}{section.3.9}% 48
\BOOKMARK [3][-]{subsubsection.3.9.2.1}{\376\377\0003\000.\0009\000.\0002\000.\0001\000\040\000\137\000G\000L\000I\000B\000C\000X\000X\000\137\000V\000I\000S\000I\000B\000I\000L\000I\000T\000Y}{subsection.3.9.2}% 49
\BOOKMARK [1][-]{section.3.10}{\376\377\0003\000.\0001\0000\000\040\000s\000f\000\137\000g\000a\000m\000m\000a\000.\000t\000c\000c\000\040\000F\000i\000l\000e\000\040\000R\000e\000f\000e\000r\000e\000n\000c\000e}{chapter.3}% 50
\BOOKMARK [2][-]{subsection.3.10.1}{\376\377\0003\000.\0001\0000\000.\0001\000\040\000M\000a\000c\000r\000o\000\040\000D\000e\000f\000i\000n\000i\000t\000i\000o\000n\000\040\000D\000o\000c\000u\000m\000e\000n\000t\000a\000t\000i\000o\000n}{section.3.10}% 51
\BOOKMARK [3][-]{subsubsection.3.10.1.1}{\376\377\0003\000.\0001\0000\000.\0001\000.\0001\000\040\000\137\000G\000L\000I\000B\000C\000X\000X\000\137\000B\000I\000T\000S\000\137\000S\000F\000\137\000G\000A\000M\000M\000A\000\137\000T\000C\000C}{subsection.3.10.1}% 52
\BOOKMARK [2][-]{subsection.3.10.2}{\376\377\0003\000.\0001\0000\000.\0002\000\040\000F\000u\000n\000c\000t\000i\000o\000n\000\040\000D\000o\000c\000u\000m\000e\000n\000t\000a\000t\000i\000o\000n}{section.3.10}% 53
\BOOKMARK [3][-]{subsubsection.3.10.2.1}{\376\377\0003\000.\0001\0000\000.\0002\000.\0001\000\040\000\137\000G\000L\000I\000B\000C\000X\000X\000\137\000V\000I\000S\000I\000B\000I\000L\000I\000T\000Y}{subsection.3.10.2}% 54
\BOOKMARK [1][-]{section.3.11}{\376\377\0003\000.\0001\0001\000\040\000s\000f\000\137\000g\000e\000g\000e\000n\000b\000a\000u\000e\000r\000.\000t\000c\000c\000\040\000F\000i\000l\000e\000\040\000R\000e\000f\000e\000r\000e\000n\000c\000e}{chapter.3}% 55
\BOOKMARK [2][-]{subsection.3.11.1}{\376\377\0003\000.\0001\0001\000.\0001\000\040\000M\000a\000c\000r\000o\000\040\000D\000e\000f\000i\000n\000i\000t\000i\000o\000n\000\040\000D\000o\000c\000u\000m\000e\000n\000t\000a\000t\000i\000o\000n}{section.3.11}% 56
\BOOKMARK [3][-]{subsubsection.3.11.1.1}{\376\377\0003\000.\0001\0001\000.\0001\000.\0001\000\040\000\137\000G\000L\000I\000B\000C\000X\000X\000\137\000S\000F\000\137\000G\000E\000G\000E\000N\000B\000A\000U\000E\000R\000\137\000T\000C\000C}{subsection.3.11.1}% 57
\BOOKMARK [2][-]{subsection.3.11.2}{\376\377\0003\000.\0001\0001\000.\0002\000\040\000F\000u\000n\000c\000t\000i\000o\000n\000\040\000D\000o\000c\000u\000m\000e\000n\000t\000a\000t\000i\000o\000n}{section.3.11}% 58
\BOOKMARK [3][-]{subsubsection.3.11.2.1}{\376\377\0003\000.\0001\0001\000.\0002\000.\0001\000\040\000\137\000G\000L\000I\000B\000C\000X\000X\000\137\000V\000I\000S\000I\000B\000I\000L\000I\000T\000Y}{subsection.3.11.2}% 59
\BOOKMARK [1][-]{section.3.12}{\376\377\0003\000.\0001\0002\000\040\000s\000f\000\137\000h\000a\000n\000k\000e\000l\000.\000t\000c\000c\000\040\000F\000i\000l\000e\000\040\000R\000e\000f\000e\000r\000e\000n\000c\000e}{chapter.3}% 60
\BOOKMARK [2][-]{subsection.3.12.1}{\376\377\0003\000.\0001\0002\000.\0001\000\040\000M\000a\000c\000r\000o\000\040\000D\000e\000f\000i\000n\000i\000t\000i\000o\000n\000\040\000D\000o\000c\000u\000m\000e\000n\000t\000a\000t\000i\000o\000n}{section.3.12}% 61
\BOOKMARK [3][-]{subsubsection.3.12.1.1}{\376\377\0003\000.\0001\0002\000.\0001\000.\0001\000\040\000\137\000G\000L\000I\000B\000C\000X\000X\000\137\000B\000I\000T\000S\000\137\000S\000F\000\137\000H\000A\000N\000K\000E\000L\000\137\000T\000C\000C}{subsection.3.12.1}% 62
\BOOKMARK [2][-]{subsection.3.12.2}{\376\377\0003\000.\0001\0002\000.\0002\000\040\000F\000u\000n\000c\000t\000i\000o\000n\000\040\000D\000o\000c\000u\000m\000e\000n\000t\000a\000t\000i\000o\000n}{section.3.12}% 63
\BOOKMARK [3][-]{subsubsection.3.12.2.1}{\376\377\0003\000.\0001\0002\000.\0002\000.\0001\000\040\000\137\000G\000L\000I\000B\000C\000X\000X\000\137\000V\000I\000S\000I\000B\000I\000L\000I\000T\000Y}{subsection.3.12.2}% 64
\BOOKMARK [1][-]{section.3.13}{\376\377\0003\000.\0001\0003\000\040\000s\000f\000\137\000h\000a\000n\000k\000e\000l\000\137\000n\000e\000w\000.\000t\000c\000c\000\040\000F\000i\000l\000e\000\040\000R\000e\000f\000e\000r\000e\000n\000c\000e}{chapter.3}% 65
\BOOKMARK [2][-]{subsection.3.13.1}{\376\377\0003\000.\0001\0003\000.\0001\000\040\000M\000a\000c\000r\000o\000\040\000D\000e\000f\000i\000n\000i\000t\000i\000o\000n\000\040\000D\000o\000c\000u\000m\000e\000n\000t\000a\000t\000i\000o\000n}{section.3.13}% 66
\BOOKMARK [3][-]{subsubsection.3.13.1.1}{\376\377\0003\000.\0001\0003\000.\0001\000.\0001\000\040\000\137\000G\000L\000I\000B\000C\000X\000X\000\137\000B\000I\000T\000S\000\137\000S\000F\000\137\000H\000A\000N\000K\000E\000L\000\137\000N\000E\000W\000\137\000T\000C\000C}{subsection.3.13.1}% 67
\BOOKMARK [2][-]{subsection.3.13.2}{\376\377\0003\000.\0001\0003\000.\0002\000\040\000F\000u\000n\000c\000t\000i\000o\000n\000\040\000D\000o\000c\000u\000m\000e\000n\000t\000a\000t\000i\000o\000n}{section.3.13}% 68
\BOOKMARK [3][-]{subsubsection.3.13.2.1}{\376\377\0003\000.\0001\0003\000.\0002\000.\0001\000\040\000\137\000G\000L\000I\000B\000C\000X\000X\000\137\000V\000I\000S\000I\000B\000I\000L\000I\000T\000Y}{subsection.3.13.2}% 69
\BOOKMARK [1][-]{section.3.14}{\376\377\0003\000.\0001\0004\000\040\000s\000f\000\137\000h\000e\000r\000m\000i\000t\000e\000.\000t\000c\000c\000\040\000F\000i\000l\000e\000\040\000R\000e\000f\000e\000r\000e\000n\000c\000e}{chapter.3}% 70
\BOOKMARK [2][-]{subsection.3.14.1}{\376\377\0003\000.\0001\0004\000.\0001\000\040\000M\000a\000c\000r\000o\000\040\000D\000e\000f\000i\000n\000i\000t\000i\000o\000n\000\040\000D\000o\000c\000u\000m\000e\000n\000t\000a\000t\000i\000o\000n}{section.3.14}% 71
\BOOKMARK [3][-]{subsubsection.3.14.1.1}{\376\377\0003\000.\0001\0004\000.\0001\000.\0001\000\040\000\137\000G\000L\000I\000B\000C\000X\000X\000\137\000B\000I\000T\000S\000\137\000S\000F\000\137\000H\000E\000R\000M\000I\000T\000E\000\137\000T\000C\000C}{subsection.3.14.1}% 72
\BOOKMARK [2][-]{subsection.3.14.2}{\376\377\0003\000.\0001\0004\000.\0002\000\040\000F\000u\000n\000c\000t\000i\000o\000n\000\040\000D\000o\000c\000u\000m\000e\000n\000t\000a\000t\000i\000o\000n}{section.3.14}% 73
\BOOKMARK [3][-]{subsubsection.3.14.2.1}{\376\377\0003\000.\0001\0004\000.\0002\000.\0001\000\040\000\137\000G\000L\000I\000B\000C\000X\000X\000\137\000V\000I\000S\000I\000B\000I\000L\000I\000T\000Y}{subsection.3.14.2}% 74
\BOOKMARK [1][-]{section.3.15}{\376\377\0003\000.\0001\0005\000\040\000s\000f\000\137\000h\000y\000d\000r\000o\000g\000e\000n\000.\000t\000c\000c\000\040\000F\000i\000l\000e\000\040\000R\000e\000f\000e\000r\000e\000n\000c\000e}{chapter.3}% 75
\BOOKMARK [2][-]{subsection.3.15.1}{\376\377\0003\000.\0001\0005\000.\0001\000\040\000M\000a\000c\000r\000o\000\040\000D\000e\000f\000i\000n\000i\000t\000i\000o\000n\000\040\000D\000o\000c\000u\000m\000e\000n\000t\000a\000t\000i\000o\000n}{section.3.15}% 76
\BOOKMARK [3][-]{subsubsection.3.15.1.1}{\376\377\0003\000.\0001\0005\000.\0001\000.\0001\000\040\000\137\000G\000L\000I\000B\000C\000X\000X\000\137\000B\000I\000T\000S\000\137\000S\000F\000\137\000H\000Y\000D\000R\000O\000G\000E\000N\000\137\000T\000C\000C}{subsection.3.15.1}% 77
\BOOKMARK [2][-]{subsection.3.15.2}{\376\377\0003\000.\0001\0005\000.\0002\000\040\000F\000u\000n\000c\000t\000i\000o\000n\000\040\000D\000o\000c\000u\000m\000e\000n\000t\000a\000t\000i\000o\000n}{section.3.15}% 78
\BOOKMARK [3][-]{subsubsection.3.15.2.1}{\376\377\0003\000.\0001\0005\000.\0002\000.\0001\000\040\000\137\000G\000L\000I\000B\000C\000X\000X\000\137\000V\000I\000S\000I\000B\000I\000L\000I\000T\000Y}{subsection.3.15.2}% 79
\BOOKMARK [1][-]{section.3.16}{\376\377\0003\000.\0001\0006\000\040\000s\000f\000\137\000h\000y\000p\000e\000r\000g\000.\000t\000c\000c\000\040\000F\000i\000l\000e\000\040\000R\000e\000f\000e\000r\000e\000n\000c\000e}{chapter.3}% 80
\BOOKMARK [2][-]{subsection.3.16.1}{\376\377\0003\000.\0001\0006\000.\0001\000\040\000M\000a\000c\000r\000o\000\040\000D\000e\000f\000i\000n\000i\000t\000i\000o\000n\000\040\000D\000o\000c\000u\000m\000e\000n\000t\000a\000t\000i\000o\000n}{section.3.16}% 81
\BOOKMARK [3][-]{subsubsection.3.16.1.1}{\376\377\0003\000.\0001\0006\000.\0001\000.\0001\000\040\000\137\000G\000L\000I\000B\000C\000X\000X\000\137\000B\000I\000T\000S\000\137\000S\000F\000\137\000H\000Y\000P\000E\000R\000G\000\137\000T\000C\000C}{subsection.3.16.1}% 82
\BOOKMARK [2][-]{subsection.3.16.2}{\376\377\0003\000.\0001\0006\000.\0002\000\040\000F\000u\000n\000c\000t\000i\000o\000n\000\040\000D\000o\000c\000u\000m\000e\000n\000t\000a\000t\000i\000o\000n}{section.3.16}% 83
\BOOKMARK [3][-]{subsubsection.3.16.2.1}{\376\377\0003\000.\0001\0006\000.\0002\000.\0001\000\040\000\137\000G\000L\000I\000B\000C\000X\000X\000\137\000V\000I\000S\000I\000B\000I\000L\000I\000T\000Y}{subsection.3.16.2}% 84
\BOOKMARK [1][-]{section.3.17}{\376\377\0003\000.\0001\0007\000\040\000s\000f\000\137\000h\000y\000p\000i\000n\000t\000.\000t\000c\000c\000\040\000F\000i\000l\000e\000\040\000R\000e\000f\000e\000r\000e\000n\000c\000e}{chapter.3}% 85
\BOOKMARK [2][-]{subsection.3.17.1}{\376\377\0003\000.\0001\0007\000.\0001\000\040\000M\000a\000c\000r\000o\000\040\000D\000e\000f\000i\000n\000i\000t\000i\000o\000n\000\040\000D\000o\000c\000u\000m\000e\000n\000t\000a\000t\000i\000o\000n}{section.3.17}% 86
\BOOKMARK [3][-]{subsubsection.3.17.1.1}{\376\377\0003\000.\0001\0007\000.\0001\000.\0001\000\040\000\137\000G\000L\000I\000B\000C\000X\000X\000\137\000S\000F\000\137\000H\000Y\000P\000I\000N\000T\000\137\000T\000C\000C}{subsection.3.17.1}% 87
\BOOKMARK [2][-]{subsection.3.17.2}{\376\377\0003\000.\0001\0007\000.\0002\000\040\000F\000u\000n\000c\000t\000i\000o\000n\000\040\000D\000o\000c\000u\000m\000e\000n\000t\000a\000t\000i\000o\000n}{section.3.17}% 88
\BOOKMARK [3][-]{subsubsection.3.17.2.1}{\376\377\0003\000.\0001\0007\000.\0002\000.\0001\000\040\000\137\000G\000L\000I\000B\000C\000X\000X\000\137\000V\000I\000S\000I\000B\000I\000L\000I\000T\000Y}{subsection.3.17.2}% 89
\BOOKMARK [1][-]{section.3.18}{\376\377\0003\000.\0001\0008\000\040\000s\000f\000\137\000j\000a\000c\000o\000b\000i\000.\000t\000c\000c\000\040\000F\000i\000l\000e\000\040\000R\000e\000f\000e\000r\000e\000n\000c\000e}{chapter.3}% 90
\BOOKMARK [2][-]{subsection.3.18.1}{\376\377\0003\000.\0001\0008\000.\0001\000\040\000M\000a\000c\000r\000o\000\040\000D\000e\000f\000i\000n\000i\000t\000i\000o\000n\000\040\000D\000o\000c\000u\000m\000e\000n\000t\000a\000t\000i\000o\000n}{section.3.18}% 91
\BOOKMARK [3][-]{subsubsection.3.18.1.1}{\376\377\0003\000.\0001\0008\000.\0001\000.\0001\000\040\000\137\000G\000L\000I\000B\000C\000X\000X\000\137\000S\000F\000\137\000J\000A\000C\000O\000B\000I\000\137\000T\000C\000C}{subsection.3.18.1}% 92
\BOOKMARK [2][-]{subsection.3.18.2}{\376\377\0003\000.\0001\0008\000.\0002\000\040\000F\000u\000n\000c\000t\000i\000o\000n\000\040\000D\000o\000c\000u\000m\000e\000n\000t\000a\000t\000i\000o\000n}{section.3.18}% 93
\BOOKMARK [3][-]{subsubsection.3.18.2.1}{\376\377\0003\000.\0001\0008\000.\0002\000.\0001\000\040\000\137\000G\000L\000I\000B\000C\000X\000X\000\137\000V\000I\000S\000I\000B\000I\000L\000I\000T\000Y}{subsection.3.18.2}% 94
\BOOKMARK [1][-]{section.3.19}{\376\377\0003\000.\0001\0009\000\040\000s\000f\000\137\000l\000a\000g\000u\000e\000r\000r\000e\000.\000t\000c\000c\000\040\000F\000i\000l\000e\000\040\000R\000e\000f\000e\000r\000e\000n\000c\000e}{chapter.3}% 95
\BOOKMARK [2][-]{subsection.3.19.1}{\376\377\0003\000.\0001\0009\000.\0001\000\040\000M\000a\000c\000r\000o\000\040\000D\000e\000f\000i\000n\000i\000t\000i\000o\000n\000\040\000D\000o\000c\000u\000m\000e\000n\000t\000a\000t\000i\000o\000n}{section.3.19}% 96
\BOOKMARK [3][-]{subsubsection.3.19.1.1}{\376\377\0003\000.\0001\0009\000.\0001\000.\0001\000\040\000\137\000G\000L\000I\000B\000C\000X\000X\000\137\000B\000I\000T\000S\000\137\000S\000F\000\137\000L\000A\000G\000U\000E\000R\000R\000E\000\137\000T\000C\000C}{subsection.3.19.1}% 97
\BOOKMARK [2][-]{subsection.3.19.2}{\376\377\0003\000.\0001\0009\000.\0002\000\040\000F\000u\000n\000c\000t\000i\000o\000n\000\040\000D\000o\000c\000u\000m\000e\000n\000t\000a\000t\000i\000o\000n}{section.3.19}% 98
\BOOKMARK [3][-]{subsubsection.3.19.2.1}{\376\377\0003\000.\0001\0009\000.\0002\000.\0001\000\040\000\137\000G\000L\000I\000B\000C\000X\000X\000\137\000V\000I\000S\000I\000B\000I\000L\000I\000T\000Y}{subsection.3.19.2}% 99
\BOOKMARK [1][-]{section.3.20}{\376\377\0003\000.\0002\0000\000\040\000s\000f\000\137\000l\000e\000g\000e\000n\000d\000r\000e\000.\000t\000c\000c\000\040\000F\000i\000l\000e\000\040\000R\000e\000f\000e\000r\000e\000n\000c\000e}{chapter.3}% 100
\BOOKMARK [2][-]{subsection.3.20.1}{\376\377\0003\000.\0002\0000\000.\0001\000\040\000M\000a\000c\000r\000o\000\040\000D\000e\000f\000i\000n\000i\000t\000i\000o\000n\000\040\000D\000o\000c\000u\000m\000e\000n\000t\000a\000t\000i\000o\000n}{section.3.20}% 101
\BOOKMARK [3][-]{subsubsection.3.20.1.1}{\376\377\0003\000.\0002\0000\000.\0001\000.\0001\000\040\000\137\000G\000L\000I\000B\000C\000X\000X\000\137\000B\000I\000T\000S\000\137\000S\000F\000\137\000L\000E\000G\000E\000N\000D\000R\000E\000\137\000T\000C\000C}{subsection.3.20.1}% 102
\BOOKMARK [2][-]{subsection.3.20.2}{\376\377\0003\000.\0002\0000\000.\0002\000\040\000F\000u\000n\000c\000t\000i\000o\000n\000\040\000D\000o\000c\000u\000m\000e\000n\000t\000a\000t\000i\000o\000n}{section.3.20}% 103
\BOOKMARK [3][-]{subsubsection.3.20.2.1}{\376\377\0003\000.\0002\0000\000.\0002\000.\0001\000\040\000\137\000G\000L\000I\000B\000C\000X\000X\000\137\000V\000I\000S\000I\000B\000I\000L\000I\000T\000Y}{subsection.3.20.2}% 104
\BOOKMARK [1][-]{section.3.21}{\376\377\0003\000.\0002\0001\000\040\000s\000f\000\137\000m\000o\000d\000\137\000b\000e\000s\000s\000e\000l\000.\000t\000c\000c\000\040\000F\000i\000l\000e\000\040\000R\000e\000f\000e\000r\000e\000n\000c\000e}{chapter.3}% 105
\BOOKMARK [2][-]{subsection.3.21.1}{\376\377\0003\000.\0002\0001\000.\0001\000\040\000M\000a\000c\000r\000o\000\040\000D\000e\000f\000i\000n\000i\000t\000i\000o\000n\000\040\000D\000o\000c\000u\000m\000e\000n\000t\000a\000t\000i\000o\000n}{section.3.21}% 106
\BOOKMARK [3][-]{subsubsection.3.21.1.1}{\376\377\0003\000.\0002\0001\000.\0001\000.\0001\000\040\000\137\000G\000L\000I\000B\000C\000X\000X\000\137\000B\000I\000T\000S\000\137\000S\000F\000\137\000M\000O\000D\000\137\000B\000E\000S\000S\000E\000L\000\137\000T\000C\000C}{subsection.3.21.1}% 107
\BOOKMARK [2][-]{subsection.3.21.2}{\376\377\0003\000.\0002\0001\000.\0002\000\040\000F\000u\000n\000c\000t\000i\000o\000n\000\040\000D\000o\000c\000u\000m\000e\000n\000t\000a\000t\000i\000o\000n}{section.3.21}% 108
\BOOKMARK [3][-]{subsubsection.3.21.2.1}{\376\377\0003\000.\0002\0001\000.\0002\000.\0001\000\040\000\137\000G\000L\000I\000B\000C\000X\000X\000\137\000V\000I\000S\000I\000B\000I\000L\000I\000T\000Y}{subsection.3.21.2}% 109
\BOOKMARK [1][-]{section.3.22}{\376\377\0003\000.\0002\0002\000\040\000s\000f\000\137\000o\000w\000e\000n\000s\000\137\000t\000.\000t\000c\000c\000\040\000F\000i\000l\000e\000\040\000R\000e\000f\000e\000r\000e\000n\000c\000e}{chapter.3}% 110
\BOOKMARK [2][-]{subsection.3.22.1}{\376\377\0003\000.\0002\0002\000.\0001\000\040\000M\000a\000c\000r\000o\000\040\000D\000e\000f\000i\000n\000i\000t\000i\000o\000n\000\040\000D\000o\000c\000u\000m\000e\000n\000t\000a\000t\000i\000o\000n}{section.3.22}% 111
\BOOKMARK [3][-]{subsubsection.3.22.1.1}{\376\377\0003\000.\0002\0002\000.\0001\000.\0001\000\040\000\137\000G\000L\000I\000B\000C\000X\000X\000\137\000B\000I\000T\000S\000\137\000S\000F\000\137\000O\000W\000E\000N\000S\000\137\000T\000\137\000T\000C\000C}{subsection.3.22.1}% 112
\BOOKMARK [2][-]{subsection.3.22.2}{\376\377\0003\000.\0002\0002\000.\0002\000\040\000F\000u\000n\000c\000t\000i\000o\000n\000\040\000D\000o\000c\000u\000m\000e\000n\000t\000a\000t\000i\000o\000n}{section.3.22}% 113
\BOOKMARK [3][-]{subsubsection.3.22.2.1}{\376\377\0003\000.\0002\0002\000.\0002\000.\0001\000\040\000\137\000G\000L\000I\000B\000C\000X\000X\000\137\000V\000I\000S\000I\000B\000I\000L\000I\000T\000Y}{subsection.3.22.2}% 114
\BOOKMARK [1][-]{section.3.23}{\376\377\0003\000.\0002\0003\000\040\000s\000f\000\137\000p\000a\000r\000a\000b\000\137\000c\000y\000l\000.\000t\000c\000c\000\040\000F\000i\000l\000e\000\040\000R\000e\000f\000e\000r\000e\000n\000c\000e}{chapter.3}% 115
\BOOKMARK [2][-]{subsection.3.23.1}{\376\377\0003\000.\0002\0003\000.\0001\000\040\000M\000a\000c\000r\000o\000\040\000D\000e\000f\000i\000n\000i\000t\000i\000o\000n\000\040\000D\000o\000c\000u\000m\000e\000n\000t\000a\000t\000i\000o\000n}{section.3.23}% 116
\BOOKMARK [3][-]{subsubsection.3.23.1.1}{\376\377\0003\000.\0002\0003\000.\0001\000.\0001\000\040\000\137\000G\000L\000I\000B\000C\000X\000X\000\137\000B\000I\000T\000S\000\137\000S\000F\000\137\000P\000A\000R\000A\000B\000\137\000C\000Y\000L\000\137\000T\000C\000C}{subsection.3.23.1}% 117
\BOOKMARK [2][-]{subsection.3.23.2}{\376\377\0003\000.\0002\0003\000.\0002\000\040\000F\000u\000n\000c\000t\000i\000o\000n\000\040\000D\000o\000c\000u\000m\000e\000n\000t\000a\000t\000i\000o\000n}{section.3.23}% 118
\BOOKMARK [3][-]{subsubsection.3.23.2.1}{\376\377\0003\000.\0002\0003\000.\0002\000.\0001\000\040\000\137\000G\000L\000I\000B\000C\000X\000X\000\137\000V\000I\000S\000I\000B\000I\000L\000I\000T\000Y}{subsection.3.23.2}% 119
\BOOKMARK [1][-]{section.3.24}{\376\377\0003\000.\0002\0004\000\040\000s\000f\000\137\000p\000o\000l\000y\000l\000o\000g\000.\000t\000c\000c\000\040\000F\000i\000l\000e\000\040\000R\000e\000f\000e\000r\000e\000n\000c\000e}{chapter.3}% 120
\BOOKMARK [2][-]{subsection.3.24.1}{\376\377\0003\000.\0002\0004\000.\0001\000\040\000M\000a\000c\000r\000o\000\040\000D\000e\000f\000i\000n\000i\000t\000i\000o\000n\000\040\000D\000o\000c\000u\000m\000e\000n\000t\000a\000t\000i\000o\000n}{section.3.24}% 121
\BOOKMARK [3][-]{subsubsection.3.24.1.1}{\376\377\0003\000.\0002\0004\000.\0001\000.\0001\000\040\000\137\000G\000L\000I\000B\000C\000X\000X\000\137\000B\000I\000T\000S\000\137\000S\000F\000\137\000P\000O\000L\000Y\000L\000O\000G\000\137\000T\000C\000C}{subsection.3.24.1}% 122
\BOOKMARK [2][-]{subsection.3.24.2}{\376\377\0003\000.\0002\0004\000.\0002\000\040\000F\000u\000n\000c\000t\000i\000o\000n\000\040\000D\000o\000c\000u\000m\000e\000n\000t\000a\000t\000i\000o\000n}{section.3.24}% 123
\BOOKMARK [3][-]{subsubsection.3.24.2.1}{\376\377\0003\000.\0002\0004\000.\0002\000.\0001\000\040\000\137\000G\000L\000I\000B\000C\000X\000X\000\137\000V\000I\000S\000I\000B\000I\000L\000I\000T\000Y}{subsection.3.24.2}% 124
\BOOKMARK [1][-]{section.3.25}{\376\377\0003\000.\0002\0005\000\040\000s\000f\000\137\000t\000h\000e\000t\000a\000.\000t\000c\000c\000\040\000F\000i\000l\000e\000\040\000R\000e\000f\000e\000r\000e\000n\000c\000e}{chapter.3}% 125
\BOOKMARK [2][-]{subsection.3.25.1}{\376\377\0003\000.\0002\0005\000.\0001\000\040\000M\000a\000c\000r\000o\000\040\000D\000e\000f\000i\000n\000i\000t\000i\000o\000n\000\040\000D\000o\000c\000u\000m\000e\000n\000t\000a\000t\000i\000o\000n}{section.3.25}% 126
\BOOKMARK [3][-]{subsubsection.3.25.1.1}{\376\377\0003\000.\0002\0005\000.\0001\000.\0001\000\040\000\137\000G\000L\000I\000B\000C\000X\000X\000\137\000S\000F\000\137\000T\000H\000E\000T\000A\000\137\000T\000C\000C}{subsection.3.25.1}% 127
\BOOKMARK [2][-]{subsection.3.25.2}{\376\377\0003\000.\0002\0005\000.\0002\000\040\000F\000u\000n\000c\000t\000i\000o\000n\000\040\000D\000o\000c\000u\000m\000e\000n\000t\000a\000t\000i\000o\000n}{section.3.25}% 128
\BOOKMARK [3][-]{subsubsection.3.25.2.1}{\376\377\0003\000.\0002\0005\000.\0002\000.\0001\000\040\000\137\000G\000L\000I\000B\000C\000X\000X\000\137\000V\000I\000S\000I\000B\000I\000L\000I\000T\000Y}{subsection.3.25.2}% 129
\BOOKMARK [1][-]{section.3.26}{\376\377\0003\000.\0002\0006\000\040\000s\000f\000\137\000t\000r\000i\000g\000i\000n\000t\000.\000t\000c\000c\000\040\000F\000i\000l\000e\000\040\000R\000e\000f\000e\000r\000e\000n\000c\000e}{chapter.3}% 130
\BOOKMARK [2][-]{subsection.3.26.1}{\376\377\0003\000.\0002\0006\000.\0001\000\040\000M\000a\000c\000r\000o\000\040\000D\000e\000f\000i\000n\000i\000t\000i\000o\000n\000\040\000D\000o\000c\000u\000m\000e\000n\000t\000a\000t\000i\000o\000n}{section.3.26}% 131
\BOOKMARK [3][-]{subsubsection.3.26.1.1}{\376\377\0003\000.\0002\0006\000.\0001\000.\0001\000\040\000\137\000G\000L\000I\000B\000C\000X\000X\000\137\000S\000F\000\137\000T\000R\000I\000G\000I\000N\000T\000\137\000T\000C\000C}{subsection.3.26.1}% 132
\BOOKMARK [2][-]{subsection.3.26.2}{\376\377\0003\000.\0002\0006\000.\0002\000\040\000F\000u\000n\000c\000t\000i\000o\000n\000\040\000D\000o\000c\000u\000m\000e\000n\000t\000a\000t\000i\000o\000n}{section.3.26}% 133
\BOOKMARK [3][-]{subsubsection.3.26.2.1}{\376\377\0003\000.\0002\0006\000.\0002\000.\0001\000\040\000\137\000G\000L\000I\000B\000C\000X\000X\000\137\000V\000I\000S\000I\000B\000I\000L\000I\000T\000Y}{subsection.3.26.2}% 134
\BOOKMARK [1][-]{section.3.27}{\376\377\0003\000.\0002\0007\000\040\000s\000f\000\137\000z\000e\000t\000a\000.\000t\000c\000c\000\040\000F\000i\000l\000e\000\040\000R\000e\000f\000e\000r\000e\000n\000c\000e}{chapter.3}% 135
\BOOKMARK [2][-]{subsection.3.27.1}{\376\377\0003\000.\0002\0007\000.\0001\000\040\000M\000a\000c\000r\000o\000\040\000D\000e\000f\000i\000n\000i\000t\000i\000o\000n\000\040\000D\000o\000c\000u\000m\000e\000n\000t\000a\000t\000i\000o\000n}{section.3.27}% 136
\BOOKMARK [3][-]{subsubsection.3.27.1.1}{\376\377\0003\000.\0002\0007\000.\0001\000.\0001\000\040\000\137\000G\000L\000I\000B\000C\000X\000X\000\137\000B\000I\000T\000S\000\137\000S\000F\000\137\000Z\000E\000T\000A\000\137\000T\000C\000C}{subsection.3.27.1}% 137
\BOOKMARK [2][-]{subsection.3.27.2}{\376\377\0003\000.\0002\0007\000.\0002\000\040\000F\000u\000n\000c\000t\000i\000o\000n\000\040\000D\000o\000c\000u\000m\000e\000n\000t\000a\000t\000i\000o\000n}{section.3.27}% 138
\BOOKMARK [3][-]{subsubsection.3.27.2.1}{\376\377\0003\000.\0002\0007\000.\0002\000.\0001\000\040\000\137\000G\000L\000I\000B\000C\000X\000X\000\137\000V\000I\000S\000I\000B\000I\000L\000I\000T\000Y}{subsection.3.27.2}% 139
\BOOKMARK [0][-]{section*.56}{\376\377\000I\000n\000d\000e\000x}{}% 140
