This file contains any messages produced by compilers while
running configure, to aid debugging if configure makes a mistake.

It was created by jacobi configure 0.9.2, which was
generated by GNU Autoconf 2.60.  Invocation command line was

  $ ./configure 

## --------- ##
## Platform. ##
## --------- ##

hostname = bad-horse
uname -m = x86_64
uname -r = 3.19.0-42-generic
uname -s = Linux
uname -v = #48-Ubuntu SMP Thu Dec 17 22:54:45 UTC 2015

/usr/bin/uname -p = unknown
/bin/uname -X     = unknown

/bin/arch              = unknown
/usr/bin/arch -k       = unknown
/usr/convex/getsysinfo = unknown
/usr/bin/hostinfo      = unknown
/bin/machine           = unknown
/usr/bin/oslevel       = unknown
/bin/universe          = unknown

PATH: /usr/local/bin
PATH: /home/ed/bin
PATH: /usr/local/sbin
PATH: /usr/local/bin
PATH: /usr/sbin
PATH: /usr/bin
PATH: /sbin
PATH: /bin
PATH: /usr/games
PATH: /usr/local/games


## ----------- ##
## Core tests. ##
## ----------- ##

configure:1961: checking for a BSD-compatible install
configure:2017: result: /usr/bin/install -c
configure:2028: checking whether build environment is sane
configure:2071: result: yes
configure:2136: checking for gawk
configure:2152: found /usr/bin/gawk
configure:2163: result: gawk
configure:2174: checking whether make sets $(MAKE)
configure:2195: result: yes
configure:2458: checking build system type
configure:2476: result: x86_64-unknown-linux-gnu
configure:2498: checking host system type
configure:2513: result: x86_64-unknown-linux-gnu
configure:2547: checking for style of include used by make
configure:2575: result: GNU
configure:2648: checking for gcc
configure:2664: found /usr/bin/gcc
configure:2675: result: gcc
configure:2913: checking for C compiler version
configure:2920: gcc --version >&5
gcc (Ubuntu 4.9.2-10ubuntu13) 4.9.2
Copyright (C) 2014 Free Software Foundation, Inc.
This is free software; see the source for copying conditions.  There is NO
warranty; not even for MERCHANTABILITY or FITNESS FOR A PARTICULAR PURPOSE.

configure:2923: $? = 0
configure:2930: gcc -v >&5
Using built-in specs.
COLLECT_GCC=gcc
COLLECT_LTO_WRAPPER=/usr/lib/gcc/x86_64-linux-gnu/4.9/lto-wrapper
Target: x86_64-linux-gnu
Configured with: ../src/configure -v --with-pkgversion='Ubuntu 4.9.2-10ubuntu13' --with-bugurl=file:///usr/share/doc/gcc-4.9/README.Bugs --enable-languages=c,c++,java,go,d,fortran,objc,obj-c++ --prefix=/usr --program-suffix=-4.9 --enable-shared --enable-linker-build-id --libexecdir=/usr/lib --without-included-gettext --enable-threads=posix --with-gxx-include-dir=/usr/include/c++/4.9 --libdir=/usr/lib --enable-nls --with-sysroot=/ --enable-clocale=gnu --enable-libstdcxx-debug --enable-libstdcxx-time=yes --enable-gnu-unique-object --disable-vtable-verify --enable-plugin --with-system-zlib --disable-browser-plugin --enable-java-awt=gtk --enable-gtk-cairo --with-java-home=/usr/lib/jvm/java-1.5.0-gcj-4.9-amd64/jre --enable-java-home --with-jvm-root-dir=/usr/lib/jvm/java-1.5.0-gcj-4.9-amd64 --with-jvm-jar-dir=/usr/lib/jvm-exports/java-1.5.0-gcj-4.9-amd64 --with-arch-directory=amd64 --with-ecj-jar=/usr/share/java/eclipse-ecj.jar --enable-objc-gc --enable-multiarch --disable-werror --with-arch-32=i686 --with-abi=m64 --with-multilib-list=m32,m64,mx32 --enable-multilib --with-tune=generic --enable-checking=release --build=x86_64-linux-gnu --host=x86_64-linux-gnu --target=x86_64-linux-gnu
Thread model: posix
gcc version 4.9.2 (Ubuntu 4.9.2-10ubuntu13) 
configure:2933: $? = 0
configure:2940: gcc -V >&5
gcc: error: unrecognized command line option '-V'
gcc: fatal error: no input files
compilation terminated.
configure:2943: $? = 4
configure:2966: checking for C compiler default output file name
configure:2993: gcc  -I/usr/local/include -L/usr/local/lib conftest.c  >&5
configure:2996: $? = 0
configure:3042: result: a.out
configure:3047: checking whether the C compiler works
configure:3057: ./a.out
configure:3060: $? = 0
configure:3077: result: yes
configure:3084: checking whether we are cross compiling
configure:3086: result: no
configure:3089: checking for suffix of executables
configure:3096: gcc -o conftest  -I/usr/local/include -L/usr/local/lib conftest.c  >&5
configure:3099: $? = 0
configure:3123: result: 
configure:3129: checking for suffix of object files
configure:3155: gcc -c  -I/usr/local/include conftest.c >&5
configure:3158: $? = 0
configure:3181: result: o
configure:3185: checking whether we are using the GNU C compiler
configure:3214: gcc -c  -I/usr/local/include conftest.c >&5
configure:3220: $? = 0
configure:3227: test -z "$ac_c_werror_flag" || test ! -s conftest.err
configure:3230: $? = 0
configure:3237: test -s conftest.o
configure:3240: $? = 0
configure:3254: result: yes
configure:3259: checking whether gcc accepts -g
configure:3289: gcc -c -g -I/usr/local/include conftest.c >&5
configure:3295: $? = 0
configure:3302: test -z "$ac_c_werror_flag" || test ! -s conftest.err
configure:3305: $? = 0
configure:3312: test -s conftest.o
configure:3315: $? = 0
configure:3445: result: yes
configure:3462: checking for gcc option to accept ISO C89
configure:3536: gcc  -c -g -O2 -I/usr/local/include conftest.c >&5
configure:3542: $? = 0
configure:3549: test -z "$ac_c_werror_flag" || test ! -s conftest.err
configure:3552: $? = 0
configure:3559: test -s conftest.o
configure:3562: $? = 0
configure:3582: result: none needed
configure:3602: checking dependency style of gcc
configure:3692: result: gcc3
configure:3709: checking for a sed that does not truncate output
configure:3763: result: /bin/sed
configure:3766: checking for grep that handles long lines and -e
configure:3840: result: /bin/grep
configure:3845: checking for egrep
configure:3923: result: /bin/grep -E
configure:3939: checking for ld used by gcc
configure:4006: result: /usr/bin/ld
configure:4015: checking if the linker (/usr/bin/ld) is GNU ld
configure:4030: result: yes
configure:4035: checking for /usr/bin/ld option to reload object files
configure:4042: result: -r
configure:4060: checking for BSD-compatible nm
configure:4109: result: /usr/bin/nm -B
configure:4113: checking whether ln -s works
configure:4117: result: yes
configure:4124: checking how to recognise dependent libraries
configure:4300: result: pass_all
configure:4388: gcc -c -g -O2 -I/usr/local/include conftest.c >&5
configure:4391: $? = 0
configure:4550: checking how to run the C preprocessor
configure:4590: gcc -E -I/usr/local/include conftest.c
configure:4596: $? = 0
configure:4634: gcc -E -I/usr/local/include conftest.c
conftest.c:10:28: fatal error: ac_nonexistent.h: No such file or directory
 #include <ac_nonexistent.h>
                            ^
compilation terminated.
configure:4640: $? = 1
configure: failed program was:
| /* confdefs.h.  */
| #define PACKAGE_NAME "jacobi"
| #define PACKAGE_TARNAME "jacobi"
| #define PACKAGE_VERSION "0.9.2"
| #define PACKAGE_STRING "jacobi 0.9.2"
| #define PACKAGE_BUGREPORT "pjabardo@yahoo.com.br"
| #define PACKAGE "jacobi"
| #define VERSION "0.9.2"
| /* end confdefs.h.  */
| #include <ac_nonexistent.h>
configure:4680: result: gcc -E
configure:4709: gcc -E -I/usr/local/include conftest.c
configure:4715: $? = 0
configure:4753: gcc -E -I/usr/local/include conftest.c
conftest.c:10:28: fatal error: ac_nonexistent.h: No such file or directory
 #include <ac_nonexistent.h>
                            ^
compilation terminated.
configure:4759: $? = 1
configure: failed program was:
| /* confdefs.h.  */
| #define PACKAGE_NAME "jacobi"
| #define PACKAGE_TARNAME "jacobi"
| #define PACKAGE_VERSION "0.9.2"
| #define PACKAGE_STRING "jacobi 0.9.2"
| #define PACKAGE_BUGREPORT "pjabardo@yahoo.com.br"
| #define PACKAGE "jacobi"
| #define VERSION "0.9.2"
| /* end confdefs.h.  */
| #include <ac_nonexistent.h>
configure:4804: checking for ANSI C header files
configure:4834: gcc -c -g -O2 -I/usr/local/include conftest.c >&5
configure:4840: $? = 0
configure:4847: test -z "$ac_c_werror_flag" || test ! -s conftest.err
configure:4850: $? = 0
configure:4857: test -s conftest.o
configure:4860: $? = 0
configure:4956: gcc -o conftest -g -O2 -I/usr/local/include -L/usr/local/lib conftest.c  >&5
configure:4959: $? = 0
configure:4965: ./conftest
configure:4968: $? = 0
configure:4985: result: yes
configure:5009: checking for sys/types.h
configure:5030: gcc -c -g -O2 -I/usr/local/include conftest.c >&5
configure:5036: $? = 0
configure:5043: test -z "$ac_c_werror_flag" || test ! -s conftest.err
configure:5046: $? = 0
configure:5053: test -s conftest.o
configure:5056: $? = 0
configure:5069: result: yes
configure:5009: checking for sys/stat.h
configure:5030: gcc -c -g -O2 -I/usr/local/include conftest.c >&5
configure:5036: $? = 0
configure:5043: test -z "$ac_c_werror_flag" || test ! -s conftest.err
configure:5046: $? = 0
configure:5053: test -s conftest.o
configure:5056: $? = 0
configure:5069: result: yes
configure:5009: checking for stdlib.h
configure:5030: gcc -c -g -O2 -I/usr/local/include conftest.c >&5
configure:5036: $? = 0
configure:5043: test -z "$ac_c_werror_flag" || test ! -s conftest.err
configure:5046: $? = 0
configure:5053: test -s conftest.o
configure:5056: $? = 0
configure:5069: result: yes
configure:5009: checking for string.h
configure:5030: gcc -c -g -O2 -I/usr/local/include conftest.c >&5
configure:5036: $? = 0
configure:5043: test -z "$ac_c_werror_flag" || test ! -s conftest.err
configure:5046: $? = 0
configure:5053: test -s conftest.o
configure:5056: $? = 0
configure:5069: result: yes
configure:5009: checking for memory.h
configure:5030: gcc -c -g -O2 -I/usr/local/include conftest.c >&5
configure:5036: $? = 0
configure:5043: test -z "$ac_c_werror_flag" || test ! -s conftest.err
configure:5046: $? = 0
configure:5053: test -s conftest.o
configure:5056: $? = 0
configure:5069: result: yes
configure:5009: checking for strings.h
configure:5030: gcc -c -g -O2 -I/usr/local/include conftest.c >&5
configure:5036: $? = 0
configure:5043: test -z "$ac_c_werror_flag" || test ! -s conftest.err
configure:5046: $? = 0
configure:5053: test -s conftest.o
configure:5056: $? = 0
configure:5069: result: yes
configure:5009: checking for inttypes.h
configure:5030: gcc -c -g -O2 -I/usr/local/include conftest.c >&5
configure:5036: $? = 0
configure:5043: test -z "$ac_c_werror_flag" || test ! -s conftest.err
configure:5046: $? = 0
configure:5053: test -s conftest.o
configure:5056: $? = 0
configure:5069: result: yes
configure:5009: checking for stdint.h
configure:5030: gcc -c -g -O2 -I/usr/local/include conftest.c >&5
configure:5036: $? = 0
configure:5043: test -z "$ac_c_werror_flag" || test ! -s conftest.err
configure:5046: $? = 0
configure:5053: test -s conftest.o
configure:5056: $? = 0
configure:5069: result: yes
configure:5009: checking for unistd.h
configure:5030: gcc -c -g -O2 -I/usr/local/include conftest.c >&5
configure:5036: $? = 0
configure:5043: test -z "$ac_c_werror_flag" || test ! -s conftest.err
configure:5046: $? = 0
configure:5053: test -s conftest.o
configure:5056: $? = 0
configure:5069: result: yes
configure:5096: checking dlfcn.h usability
configure:5113: gcc -c -g -O2 -I/usr/local/include conftest.c >&5
configure:5119: $? = 0
configure:5126: test -z "$ac_c_werror_flag" || test ! -s conftest.err
configure:5129: $? = 0
configure:5136: test -s conftest.o
configure:5139: $? = 0
configure:5150: result: yes
configure:5154: checking dlfcn.h presence
configure:5169: gcc -E -I/usr/local/include conftest.c
configure:5175: $? = 0
configure:5196: result: yes
configure:5229: checking for dlfcn.h
configure:5237: result: yes
configure:5308: checking for g++
configure:5324: found /usr/bin/g++
configure:5335: result: g++
configure:5366: checking for C++ compiler version
configure:5373: g++ --version >&5
g++ (Ubuntu 4.9.2-10ubuntu13) 4.9.2
Copyright (C) 2014 Free Software Foundation, Inc.
This is free software; see the source for copying conditions.  There is NO
warranty; not even for MERCHANTABILITY or FITNESS FOR A PARTICULAR PURPOSE.

configure:5376: $? = 0
configure:5383: g++ -v >&5
Using built-in specs.
COLLECT_GCC=g++
COLLECT_LTO_WRAPPER=/usr/lib/gcc/x86_64-linux-gnu/4.9/lto-wrapper
Target: x86_64-linux-gnu
Configured with: ../src/configure -v --with-pkgversion='Ubuntu 4.9.2-10ubuntu13' --with-bugurl=file:///usr/share/doc/gcc-4.9/README.Bugs --enable-languages=c,c++,java,go,d,fortran,objc,obj-c++ --prefix=/usr --program-suffix=-4.9 --enable-shared --enable-linker-build-id --libexecdir=/usr/lib --without-included-gettext --enable-threads=posix --with-gxx-include-dir=/usr/include/c++/4.9 --libdir=/usr/lib --enable-nls --with-sysroot=/ --enable-clocale=gnu --enable-libstdcxx-debug --enable-libstdcxx-time=yes --enable-gnu-unique-object --disable-vtable-verify --enable-plugin --with-system-zlib --disable-browser-plugin --enable-java-awt=gtk --enable-gtk-cairo --with-java-home=/usr/lib/jvm/java-1.5.0-gcj-4.9-amd64/jre --enable-java-home --with-jvm-root-dir=/usr/lib/jvm/java-1.5.0-gcj-4.9-amd64 --with-jvm-jar-dir=/usr/lib/jvm-exports/java-1.5.0-gcj-4.9-amd64 --with-arch-directory=amd64 --with-ecj-jar=/usr/share/java/eclipse-ecj.jar --enable-objc-gc --enable-multiarch --disable-werror --with-arch-32=i686 --with-abi=m64 --with-multilib-list=m32,m64,mx32 --enable-multilib --with-tune=generic --enable-checking=release --build=x86_64-linux-gnu --host=x86_64-linux-gnu --target=x86_64-linux-gnu
Thread model: posix
gcc version 4.9.2 (Ubuntu 4.9.2-10ubuntu13) 
configure:5386: $? = 0
configure:5393: g++ -V >&5
g++: error: unrecognized command line option '-V'
g++: fatal error: no input files
compilation terminated.
configure:5396: $? = 4
configure:5399: checking whether we are using the GNU C++ compiler
configure:5428: g++ -c  -I/usr/local/include conftest.cpp >&5
configure:5434: $? = 0
configure:5441: test -z "$ac_cxx_werror_flag" || test ! -s conftest.err
configure:5444: $? = 0
configure:5451: test -s conftest.o
configure:5454: $? = 0
configure:5468: result: yes
configure:5473: checking whether g++ accepts -g
configure:5503: g++ -c -g -I/usr/local/include conftest.cpp >&5
configure:5509: $? = 0
configure:5516: test -z "$ac_cxx_werror_flag" || test ! -s conftest.err
configure:5519: $? = 0
configure:5526: test -s conftest.o
configure:5529: $? = 0
configure:5659: result: yes
configure:5684: checking dependency style of g++
configure:5774: result: gcc3
configure:5801: checking how to run the C++ preprocessor
configure:5837: g++ -E -I/usr/local/include conftest.cpp
configure:5843: $? = 0
configure:5881: g++ -E -I/usr/local/include conftest.cpp
conftest.cpp:21:28: fatal error: ac_nonexistent.h: No such file or directory
 #include <ac_nonexistent.h>
                            ^
compilation terminated.
configure:5887: $? = 1
configure: failed program was:
| /* confdefs.h.  */
| #define PACKAGE_NAME "jacobi"
| #define PACKAGE_TARNAME "jacobi"
| #define PACKAGE_VERSION "0.9.2"
| #define PACKAGE_STRING "jacobi 0.9.2"
| #define PACKAGE_BUGREPORT "pjabardo@yahoo.com.br"
| #define PACKAGE "jacobi"
| #define VERSION "0.9.2"
| #define STDC_HEADERS 1
| #define HAVE_SYS_TYPES_H 1
| #define HAVE_SYS_STAT_H 1
| #define HAVE_STDLIB_H 1
| #define HAVE_STRING_H 1
| #define HAVE_MEMORY_H 1
| #define HAVE_STRINGS_H 1
| #define HAVE_INTTYPES_H 1
| #define HAVE_STDINT_H 1
| #define HAVE_UNISTD_H 1
| #define HAVE_DLFCN_H 1
| /* end confdefs.h.  */
| #include <ac_nonexistent.h>
configure:5927: result: g++ -E
configure:5956: g++ -E -I/usr/local/include conftest.cpp
configure:5962: $? = 0
configure:6000: g++ -E -I/usr/local/include conftest.cpp
conftest.cpp:21:28: fatal error: ac_nonexistent.h: No such file or directory
 #include <ac_nonexistent.h>
                            ^
compilation terminated.
configure:6006: $? = 1
configure: failed program was:
| /* confdefs.h.  */
| #define PACKAGE_NAME "jacobi"
| #define PACKAGE_TARNAME "jacobi"
| #define PACKAGE_VERSION "0.9.2"
| #define PACKAGE_STRING "jacobi 0.9.2"
| #define PACKAGE_BUGREPORT "pjabardo@yahoo.com.br"
| #define PACKAGE "jacobi"
| #define VERSION "0.9.2"
| #define STDC_HEADERS 1
| #define HAVE_SYS_TYPES_H 1
| #define HAVE_SYS_STAT_H 1
| #define HAVE_STDLIB_H 1
| #define HAVE_STRING_H 1
| #define HAVE_MEMORY_H 1
| #define HAVE_STRINGS_H 1
| #define HAVE_INTTYPES_H 1
| #define HAVE_STDINT_H 1
| #define HAVE_UNISTD_H 1
| #define HAVE_DLFCN_H 1
| /* end confdefs.h.  */
| #include <ac_nonexistent.h>
configure:6106: checking for g77
configure:6136: result: no
configure:6106: checking for f77
configure:6122: found /usr/bin/f77
configure:6133: result: f77
configure:6163: checking for Fortran 77 compiler version
configure:6170: f77 --version >&5
GNU Fortran (Ubuntu 4.9.2-10ubuntu13) 4.9.2
Copyright (C) 2014 Free Software Foundation, Inc.

GNU Fortran comes with NO WARRANTY, to the extent permitted by law.
You may redistribute copies of GNU Fortran
under the terms of the GNU General Public License.
For more information about these matters, see the file named COPYING

configure:6173: $? = 0
configure:6180: f77 -v >&5
Using built-in specs.
COLLECT_GCC=f77
COLLECT_LTO_WRAPPER=/usr/lib/gcc/x86_64-linux-gnu/4.9/lto-wrapper
Target: x86_64-linux-gnu
Configured with: ../src/configure -v --with-pkgversion='Ubuntu 4.9.2-10ubuntu13' --with-bugurl=file:///usr/share/doc/gcc-4.9/README.Bugs --enable-languages=c,c++,java,go,d,fortran,objc,obj-c++ --prefix=/usr --program-suffix=-4.9 --enable-shared --enable-linker-build-id --libexecdir=/usr/lib --without-included-gettext --enable-threads=posix --with-gxx-include-dir=/usr/include/c++/4.9 --libdir=/usr/lib --enable-nls --with-sysroot=/ --enable-clocale=gnu --enable-libstdcxx-debug --enable-libstdcxx-time=yes --enable-gnu-unique-object --disable-vtable-verify --enable-plugin --with-system-zlib --disable-browser-plugin --enable-java-awt=gtk --enable-gtk-cairo --with-java-home=/usr/lib/jvm/java-1.5.0-gcj-4.9-amd64/jre --enable-java-home --with-jvm-root-dir=/usr/lib/jvm/java-1.5.0-gcj-4.9-amd64 --with-jvm-jar-dir=/usr/lib/jvm-exports/java-1.5.0-gcj-4.9-amd64 --with-arch-directory=amd64 --with-ecj-jar=/usr/share/java/eclipse-ecj.jar --enable-objc-gc --enable-multiarch --disable-werror --with-arch-32=i686 --with-abi=m64 --with-multilib-list=m32,m64,mx32 --enable-multilib --with-tune=generic --enable-checking=release --build=x86_64-linux-gnu --host=x86_64-linux-gnu --target=x86_64-linux-gnu
Thread model: posix
gcc version 4.9.2 (Ubuntu 4.9.2-10ubuntu13) 
configure:6183: $? = 0
configure:6190: f77 -V >&5
f77: error: unrecognized command line option '-V'
f77: fatal error: no input files
compilation terminated.
configure:6193: $? = 4
configure:6201: checking whether we are using the GNU Fortran 77 compiler
configure:6220: f77 -c  conftest.F >&5
configure:6226: $? = 0
configure:6233: test -z "$ac_f77_werror_flag" || test ! -s conftest.err
configure:6236: $? = 0
configure:6243: test -s conftest.o
configure:6246: $? = 0
configure:6260: result: yes
configure:6266: checking whether f77 accepts -g
configure:6283: f77 -c -g conftest.f >&5
configure:6289: $? = 0
configure:6296: test -z "$ac_f77_werror_flag" || test ! -s conftest.err
configure:6299: $? = 0
configure:6306: test -s conftest.o
configure:6309: $? = 0
configure:6322: result: yes
configure:6352: checking the maximum length of command line arguments
configure:6461: result: 32768
configure:6472: checking command to parse /usr/bin/nm -B output from gcc object
configure:6577: gcc -c -g -O2 -I/usr/local/include conftest.c >&5
configure:6580: $? = 0
configure:6584: /usr/bin/nm -B conftest.o \| sed -n -e 's/^.*[ 	]\([ABCDGIRSTW][ABCDGIRSTW]*\)[ 	][ 	]*\([_A-Za-z][_A-Za-z0-9]*\)$/\1 \2 \2/p' \> conftest.nm
configure:6587: $? = 0
configure:6639: gcc -o conftest -g -O2 -I/usr/local/include -L/usr/local/lib conftest.c conftstm.o >&5
configure:6642: $? = 0
configure:6680: result: ok
configure:6684: checking for objdir
configure:6699: result: .libs
configure:6791: checking for ar
configure:6807: found /usr/bin/ar
configure:6818: result: ar
configure:6887: checking for ranlib
configure:6903: found /usr/bin/ranlib
configure:6914: result: ranlib
configure:6983: checking for strip
configure:6999: found /usr/bin/strip
configure:7010: result: strip
configure:7296: checking if gcc supports -fno-rtti -fno-exceptions
configure:7314: gcc -c -g -O2 -I/usr/local/include -fno-rtti -fno-exceptions conftest.c >&5
cc1: warning: command line option '-fno-rtti' is valid for C++/ObjC++ but not for C
configure:7318: $? = 0
configure:7331: result: no
configure:7346: checking for gcc option to produce PIC
configure:7556: result: -fPIC
configure:7564: checking if gcc PIC flag -fPIC works
configure:7582: gcc -c -g -O2 -I/usr/local/include -fPIC -DPIC conftest.c >&5
configure:7586: $? = 0
configure:7599: result: yes
configure:7627: checking if gcc static flag -static works
configure:7655: result: yes
configure:7665: checking if gcc supports -c -o file.o
configure:7686: gcc -c -g -O2 -I/usr/local/include -o out/conftest2.o conftest.c >&5
configure:7690: $? = 0
configure:7712: result: yes
configure:7738: checking whether the gcc linker (/usr/bin/ld -m elf_x86_64) supports shared libraries
configure:8725: result: yes
configure:8746: checking whether -lc should be explicitly linked in
configure:8751: gcc -c -g -O2 -I/usr/local/include conftest.c >&5
configure:8754: $? = 0
configure:8769: gcc -shared conftest.o  -v -Wl,-soname -Wl,conftest -o conftest 2\>\&1 \| grep  -lc  \>/dev/null 2\>\&1
configure:8772: $? = 0
configure:8784: result: no
configure:8792: checking dynamic linker characteristics
configure:9368: result: GNU/Linux ld.so
configure:9377: checking how to hardcode library paths into programs
configure:9402: result: immediate
configure:9416: checking whether stripping libraries is possible
configure:9421: result: yes
configure:10334: checking if libtool supports shared libraries
configure:10336: result: yes
configure:10339: checking whether to build shared libraries
configure:10360: result: yes
configure:10363: checking whether to build static libraries
configure:10367: result: yes
configure:10459: creating libtool
configure:11047: checking for ld used by g++
configure:11114: result: /usr/bin/ld -m elf_x86_64
configure:11123: checking if the linker (/usr/bin/ld -m elf_x86_64) is GNU ld
configure:11138: result: yes
configure:11189: checking whether the g++ linker (/usr/bin/ld -m elf_x86_64) supports shared libraries
configure:12155: result: yes
configure:12173: g++ -c -g -O2 -I/usr/local/include conftest.cpp >&5
configure:12176: $? = 0
configure:12295: checking for g++ option to produce PIC
configure:12569: result: -fPIC
configure:12577: checking if g++ PIC flag -fPIC works
configure:12595: g++ -c -g -O2 -I/usr/local/include -fPIC -DPIC conftest.cpp >&5
configure:12599: $? = 0
configure:12612: result: yes
configure:12640: checking if g++ static flag -static works
configure:12668: result: yes
configure:12678: checking if g++ supports -c -o file.o
configure:12699: g++ -c -g -O2 -I/usr/local/include -o out/conftest2.o conftest.cpp >&5
configure:12703: $? = 0
configure:12725: result: yes
configure:12751: checking whether the g++ linker (/usr/bin/ld -m elf_x86_64) supports shared libraries
configure:12779: result: yes
configure:12846: checking dynamic linker characteristics
configure:13422: result: GNU/Linux ld.so
configure:13431: checking how to hardcode library paths into programs
configure:13456: result: immediate
configure:13982: checking if libtool supports shared libraries
configure:13984: result: yes
configure:13987: checking whether to build shared libraries
configure:14007: result: yes
configure:14010: checking whether to build static libraries
configure:14014: result: yes
configure:14024: checking for f77 option to produce PIC
configure:14234: result: -fPIC
configure:14242: checking if f77 PIC flag -fPIC works
configure:14260: f77 -c -g -O2 -fPIC conftest.f >&5
configure:14264: $? = 0
configure:14277: result: yes
configure:14305: checking if f77 static flag -static works
configure:14333: result: yes
configure:14343: checking if f77 supports -c -o file.o
configure:14364: f77 -c -g -O2 -o out/conftest2.o conftest.f >&5
configure:14368: $? = 0
configure:14390: result: yes
configure:14416: checking whether the f77 linker (/usr/bin/ld -m elf_x86_64) supports shared libraries
configure:15383: result: yes
configure:15450: checking dynamic linker characteristics
configure:16026: result: GNU/Linux ld.so
configure:16035: checking how to hardcode library paths into programs
configure:16060: result: immediate
configure:19686: checking for gcc
configure:19713: result: gcc
configure:19951: checking for C compiler version
configure:19958: gcc --version >&5
gcc (Ubuntu 4.9.2-10ubuntu13) 4.9.2
Copyright (C) 2014 Free Software Foundation, Inc.
This is free software; see the source for copying conditions.  There is NO
warranty; not even for MERCHANTABILITY or FITNESS FOR A PARTICULAR PURPOSE.

configure:19961: $? = 0
configure:19968: gcc -v >&5
Using built-in specs.
COLLECT_GCC=gcc
COLLECT_LTO_WRAPPER=/usr/lib/gcc/x86_64-linux-gnu/4.9/lto-wrapper
Target: x86_64-linux-gnu
Configured with: ../src/configure -v --with-pkgversion='Ubuntu 4.9.2-10ubuntu13' --with-bugurl=file:///usr/share/doc/gcc-4.9/README.Bugs --enable-languages=c,c++,java,go,d,fortran,objc,obj-c++ --prefix=/usr --program-suffix=-4.9 --enable-shared --enable-linker-build-id --libexecdir=/usr/lib --without-included-gettext --enable-threads=posix --with-gxx-include-dir=/usr/include/c++/4.9 --libdir=/usr/lib --enable-nls --with-sysroot=/ --enable-clocale=gnu --enable-libstdcxx-debug --enable-libstdcxx-time=yes --enable-gnu-unique-object --disable-vtable-verify --enable-plugin --with-system-zlib --disable-browser-plugin --enable-java-awt=gtk --enable-gtk-cairo --with-java-home=/usr/lib/jvm/java-1.5.0-gcj-4.9-amd64/jre --enable-java-home --with-jvm-root-dir=/usr/lib/jvm/java-1.5.0-gcj-4.9-amd64 --with-jvm-jar-dir=/usr/lib/jvm-exports/java-1.5.0-gcj-4.9-amd64 --with-arch-directory=amd64 --with-ecj-jar=/usr/share/java/eclipse-ecj.jar --enable-objc-gc --enable-multiarch --disable-werror --with-arch-32=i686 --with-abi=m64 --with-multilib-list=m32,m64,mx32 --enable-multilib --with-tune=generic --enable-checking=release --build=x86_64-linux-gnu --host=x86_64-linux-gnu --target=x86_64-linux-gnu
Thread model: posix
gcc version 4.9.2 (Ubuntu 4.9.2-10ubuntu13) 
configure:19971: $? = 0
configure:19978: gcc -V >&5
gcc: error: unrecognized command line option '-V'
gcc: fatal error: no input files
compilation terminated.
configure:19981: $? = 4
configure:19984: checking whether we are using the GNU C compiler
configure:20053: result: yes
configure:20058: checking whether gcc accepts -g
configure:20244: result: yes
configure:20261: checking for gcc option to accept ISO C89
configure:20381: result: none needed
configure:20401: checking dependency style of gcc
configure:20491: result: gcc3
configure:20511: checking for main in -lm
configure:20540: gcc -o conftest -g -O2 -I/usr/local/include -L/usr/local/lib conftest.c -lm   >&5
configure:20546: $? = 0
configure:20553: test -z "$ac_c_werror_flag" || test ! -s conftest.err
configure:20556: $? = 0
configure:20563: test -s conftest
configure:20566: $? = 0
configure:20580: result: yes
configure:20596: checking for main in -lgslcblas
configure:20625: gcc -o conftest -g -O2 -I/usr/local/include -L/usr/local/lib conftest.c -lgslcblas  -lm  >&5
configure:20631: $? = 0
configure:20638: test -z "$ac_c_werror_flag" || test ! -s conftest.err
configure:20641: $? = 0
configure:20648: test -s conftest
configure:20651: $? = 0
configure:20665: result: yes
configure:20681: checking for main in -lgsl
configure:20710: gcc -o conftest -g -O2 -I/usr/local/include -L/usr/local/lib conftest.c -lgsl  -lgslcblas -lm  >&5
configure:20716: $? = 0
configure:20723: test -z "$ac_c_werror_flag" || test ! -s conftest.err
configure:20726: $? = 0
configure:20733: test -s conftest
configure:20736: $? = 0
configure:20750: result: yes
configure:20768: checking for ANSI C header files
configure:20949: result: yes
configure:20964: checking for stdlib.h
configure:20970: result: yes
configure:21130: checking for an ANSI C-conforming const
configure:21205: gcc -c -g -O2 -I/usr/local/include conftest.c >&5
configure:21211: $? = 0
configure:21218: test -z "$ac_c_werror_flag" || test ! -s conftest.err
configure:21221: $? = 0
configure:21228: test -s conftest.o
configure:21231: $? = 0
configure:21243: result: yes
configure:21260: checking for stdlib.h
configure:21266: result: yes
configure:21424: checking for GNU libc compatible malloc
configure:21458: gcc -o conftest -g -O2 -I/usr/local/include -L/usr/local/lib conftest.c -lgsl -lgslcblas -lm  >&5
configure:21461: $? = 0
configure:21467: ./conftest
configure:21470: $? = 0
configure:21486: result: yes
configure:21518: checking for pow
configure:21574: gcc -o conftest -g -O2 -I/usr/local/include -L/usr/local/lib conftest.c -lgsl -lgslcblas -lm  >&5
conftest.c:51:6: warning: conflicting types for built-in function 'pow'
 char pow ();
      ^
configure:21580: $? = 0
configure:21587: test -z "$ac_c_werror_flag" || test ! -s conftest.err
configure:21590: $? = 0
configure:21597: test -s conftest
configure:21600: $? = 0
configure:21614: result: yes
configure:21785: creating ./config.status

## ---------------------- ##
## Running config.status. ##
## ---------------------- ##

This file was extended by jacobi config.status 0.9.2, which was
generated by GNU Autoconf 2.60.  Invocation command line was

  CONFIG_FILES    = 
  CONFIG_HEADERS  = 
  CONFIG_LINKS    = 
  CONFIG_COMMANDS = 
  $ ./config.status 

on bad-horse

config.status:631: creating Makefile
config.status:631: creating src/Makefile
config.status:631: creating test/Makefile
config.status:816: executing depfiles commands

## ---------------- ##
## Cache variables. ##
## ---------------- ##

ac_cv_build=x86_64-unknown-linux-gnu
ac_cv_c_compiler_gnu=yes
ac_cv_c_const=yes
ac_cv_cxx_compiler_gnu=yes
ac_cv_env_CCC_set=
ac_cv_env_CCC_value=
ac_cv_env_CC_set=
ac_cv_env_CC_value=
ac_cv_env_CFLAGS_set=
ac_cv_env_CFLAGS_value=
ac_cv_env_CPPFLAGS_set=set
ac_cv_env_CPPFLAGS_value=-I/usr/local/include
ac_cv_env_CPP_set=
ac_cv_env_CPP_value=
ac_cv_env_CXXCPP_set=
ac_cv_env_CXXCPP_value=
ac_cv_env_CXXFLAGS_set=
ac_cv_env_CXXFLAGS_value=
ac_cv_env_CXX_set=
ac_cv_env_CXX_value=
ac_cv_env_F77_set=
ac_cv_env_F77_value=
ac_cv_env_FFLAGS_set=
ac_cv_env_FFLAGS_value=
ac_cv_env_LDFLAGS_set=set
ac_cv_env_LDFLAGS_value=-L/usr/local/lib
ac_cv_env_build_alias_set=
ac_cv_env_build_alias_value=
ac_cv_env_host_alias_set=
ac_cv_env_host_alias_value=
ac_cv_env_target_alias_set=
ac_cv_env_target_alias_value=
ac_cv_f77_compiler_gnu=yes
ac_cv_func_malloc_0_nonnull=yes
ac_cv_func_pow=yes
ac_cv_header_dlfcn_h=yes
ac_cv_header_inttypes_h=yes
ac_cv_header_memory_h=yes
ac_cv_header_stdc=yes
ac_cv_header_stdint_h=yes
ac_cv_header_stdlib_h=yes
ac_cv_header_string_h=yes
ac_cv_header_strings_h=yes
ac_cv_header_sys_stat_h=yes
ac_cv_header_sys_types_h=yes
ac_cv_header_unistd_h=yes
ac_cv_host=x86_64-unknown-linux-gnu
ac_cv_lib_gsl_main=yes
ac_cv_lib_gslcblas_main=yes
ac_cv_lib_m_main=yes
ac_cv_objext=o
ac_cv_path_EGREP='/bin/grep -E'
ac_cv_path_GREP=/bin/grep
ac_cv_path_install='/usr/bin/install -c'
ac_cv_prog_AWK=gawk
ac_cv_prog_CPP='gcc -E'
ac_cv_prog_CXXCPP='g++ -E'
ac_cv_prog_ac_ct_AR=ar
ac_cv_prog_ac_ct_CC=gcc
ac_cv_prog_ac_ct_CXX=g++
ac_cv_prog_ac_ct_F77=f77
ac_cv_prog_ac_ct_RANLIB=ranlib
ac_cv_prog_ac_ct_STRIP=strip
ac_cv_prog_cc_c89=
ac_cv_prog_cc_g=yes
ac_cv_prog_cxx_g=yes
ac_cv_prog_f77_g=yes
ac_cv_prog_make_make_set=yes
am_cv_CC_dependencies_compiler_type=gcc3
am_cv_CXX_dependencies_compiler_type=gcc3
lt_cv_deplibs_check_method=pass_all
lt_cv_file_magic_cmd='$MAGIC_CMD'
lt_cv_file_magic_test_file=
lt_cv_ld_reload_flag=-r
lt_cv_objdir=.libs
lt_cv_path_LD=/usr/bin/ld
lt_cv_path_LDCXX='/usr/bin/ld -m elf_x86_64'
lt_cv_path_NM='/usr/bin/nm -B'
lt_cv_path_SED=/bin/sed
lt_cv_prog_compiler_c_o=yes
lt_cv_prog_compiler_c_o_CXX=yes
lt_cv_prog_compiler_c_o_F77=yes
lt_cv_prog_compiler_rtti_exceptions=no
lt_cv_prog_gnu_ld=yes
lt_cv_prog_gnu_ldcxx=yes
lt_cv_sys_global_symbol_pipe='sed -n -e '\''s/^.*[ 	]\([ABCDGIRSTW][ABCDGIRSTW]*\)[ 	][ 	]*\([_A-Za-z][_A-Za-z0-9]*\)$/\1 \2 \2/p'\'''
lt_cv_sys_global_symbol_to_c_name_address='sed -n -e '\''s/^: \([^ ]*\) $/  {\"\1\", (lt_ptr) 0},/p'\'' -e '\''s/^[BCDEGRST] \([^ ]*\) \([^ ]*\)$/  {"\2", (lt_ptr) \&\2},/p'\'''
lt_cv_sys_global_symbol_to_cdecl='sed -n -e '\''s/^. .* \(.*\)$/extern int \1;/p'\'''
lt_cv_sys_max_cmd_len=32768
lt_lt_cv_prog_compiler_c_o='"yes"'
lt_lt_cv_prog_compiler_c_o_CXX='"yes"'
lt_lt_cv_prog_compiler_c_o_F77='"yes"'
lt_lt_cv_sys_global_symbol_pipe='"sed -n -e '\''s/^.*[ 	]\\([ABCDGIRSTW][ABCDGIRSTW]*\\)[ 	][ 	]*\\([_A-Za-z][_A-Za-z0-9]*\\)\$/\\1 \\2 \\2/p'\''"'
lt_lt_cv_sys_global_symbol_to_c_name_address='"sed -n -e '\''s/^: \\([^ ]*\\) \$/  {\\\"\\1\\\", (lt_ptr) 0},/p'\'' -e '\''s/^[BCDEGRST] \\([^ ]*\\) \\([^ ]*\\)\$/  {\"\\2\", (lt_ptr) \\&\\2},/p'\''"'
lt_lt_cv_sys_global_symbol_to_cdecl='"sed -n -e '\''s/^. .* \\(.*\\)\$/extern int \\1;/p'\''"'

## ----------------- ##
## Output variables. ##
## ----------------- ##

ACLOCAL='${SHELL} /home/ed/tr29124_test/gslextras/Jacobi/jacobi-0.9.2/missing --run aclocal-1.9'
AMDEPBACKSLASH='\'
AMDEP_FALSE='#'
AMDEP_TRUE=''
AMTAR='${SHELL} /home/ed/tr29124_test/gslextras/Jacobi/jacobi-0.9.2/missing --run tar'
AR='ar'
AUTOCONF='${SHELL} /home/ed/tr29124_test/gslextras/Jacobi/jacobi-0.9.2/missing --run autoconf'
AUTOHEADER='${SHELL} /home/ed/tr29124_test/gslextras/Jacobi/jacobi-0.9.2/missing --run autoheader'
AUTOMAKE='${SHELL} /home/ed/tr29124_test/gslextras/Jacobi/jacobi-0.9.2/missing --run automake-1.9'
AWK='gawk'
CC='gcc'
CCDEPMODE='depmode=gcc3'
CFLAGS='-g -O2'
CPP='gcc -E'
CPPFLAGS='-I/usr/local/include'
CXX='g++'
CXXCPP='g++ -E'
CXXDEPMODE='depmode=gcc3'
CXXFLAGS='-g -O2'
CYGPATH_W='echo'
DEFS='-DPACKAGE_NAME=\"jacobi\" -DPACKAGE_TARNAME=\"jacobi\" -DPACKAGE_VERSION=\"0.9.2\" -DPACKAGE_STRING=\"jacobi\ 0.9.2\" -DPACKAGE_BUGREPORT=\"pjabardo@yahoo.com.br\" -DPACKAGE=\"jacobi\" -DVERSION=\"0.9.2\" -DSTDC_HEADERS=1 -DHAVE_SYS_TYPES_H=1 -DHAVE_SYS_STAT_H=1 -DHAVE_STDLIB_H=1 -DHAVE_STRING_H=1 -DHAVE_MEMORY_H=1 -DHAVE_STRINGS_H=1 -DHAVE_INTTYPES_H=1 -DHAVE_STDINT_H=1 -DHAVE_UNISTD_H=1 -DHAVE_DLFCN_H=1 -DHAVE_LIBM=1 -DHAVE_LIBGSLCBLAS=1 -DHAVE_LIBGSL=1 -DSTDC_HEADERS=1 -DHAVE_STDLIB_H=1 -DHAVE_STDLIB_H=1 -DHAVE_MALLOC=1 -DHAVE_POW=1'
DEPDIR='.deps'
ECHO='echo'
ECHO_C=''
ECHO_N='-n'
ECHO_T=''
EGREP='/bin/grep -E'
EXEEXT=''
F77='f77'
FFLAGS='-g -O2'
GREP='/bin/grep'
INSTALL_DATA='${INSTALL} -m 644'
INSTALL_PROGRAM='${INSTALL}'
INSTALL_SCRIPT='${INSTALL}'
INSTALL_STRIP_PROGRAM='${SHELL} $(install_sh) -c -s'
LDFLAGS='-L/usr/local/lib'
LIBOBJS=''
LIBS='-lgsl -lgslcblas -lm '
LIBTOOL='$(SHELL) $(top_builddir)/libtool'
LN_S='ln -s'
LTLIBOBJS=''
MAKEINFO='${SHELL} /home/ed/tr29124_test/gslextras/Jacobi/jacobi-0.9.2/missing --run makeinfo'
OBJEXT='o'
PACKAGE='jacobi'
PACKAGE_BUGREPORT='pjabardo@yahoo.com.br'
PACKAGE_NAME='jacobi'
PACKAGE_STRING='jacobi 0.9.2'
PACKAGE_TARNAME='jacobi'
PACKAGE_VERSION='0.9.2'
PATH_SEPARATOR=':'
RANLIB='ranlib'
SET_MAKE=''
SHELL='/bin/bash'
STRIP='strip'
VERSION='0.9.2'
ac_ct_CC='gcc'
ac_ct_CXX='g++'
ac_ct_F77='f77'
am__fastdepCC_FALSE='#'
am__fastdepCC_TRUE=''
am__fastdepCXX_FALSE='#'
am__fastdepCXX_TRUE=''
am__include='include'
am__leading_dot='.'
am__quote=''
am__tar='${AMTAR} chof - "$$tardir"'
am__untar='${AMTAR} xf -'
bindir='${exec_prefix}/bin'
build='x86_64-unknown-linux-gnu'
build_alias=''
build_cpu='x86_64'
build_os='linux-gnu'
build_vendor='unknown'
datadir='${datarootdir}'
datarootdir='${prefix}/share'
docdir='${datarootdir}/doc/${PACKAGE_TARNAME}'
dvidir='${docdir}'
exec_prefix='${prefix}'
host='x86_64-unknown-linux-gnu'
host_alias=''
host_cpu='x86_64'
host_os='linux-gnu'
host_vendor='unknown'
htmldir='${docdir}'
includedir='${prefix}/include'
infodir='${datarootdir}/info'
install_sh='/home/ed/tr29124_test/gslextras/Jacobi/jacobi-0.9.2/install-sh'
libdir='${exec_prefix}/lib'
libexecdir='${exec_prefix}/libexec'
localedir='${datarootdir}/locale'
localstatedir='${prefix}/var'
mandir='${datarootdir}/man'
mkdir_p='mkdir -p --'
oldincludedir='/usr/include'
pdfdir='${docdir}'
prefix='/usr/local'
program_transform_name='s,x,x,'
psdir='${docdir}'
sbindir='${exec_prefix}/sbin'
sharedstatedir='${prefix}/com'
sysconfdir='${prefix}/etc'
target_alias=''

## ----------- ##
## confdefs.h. ##
## ----------- ##

#define PACKAGE_NAME "jacobi"
#define PACKAGE_TARNAME "jacobi"
#define PACKAGE_VERSION "0.9.2"
#define PACKAGE_STRING "jacobi 0.9.2"
#define PACKAGE_BUGREPORT "pjabardo@yahoo.com.br"
#define PACKAGE "jacobi"
#define VERSION "0.9.2"
#define STDC_HEADERS 1
#define HAVE_SYS_TYPES_H 1
#define HAVE_SYS_STAT_H 1
#define HAVE_STDLIB_H 1
#define HAVE_STRING_H 1
#define HAVE_MEMORY_H 1
#define HAVE_STRINGS_H 1
#define HAVE_INTTYPES_H 1
#define HAVE_STDINT_H 1
#define HAVE_UNISTD_H 1
#define HAVE_DLFCN_H 1
#define HAVE_LIBM 1
#define HAVE_LIBGSLCBLAS 1
#define HAVE_LIBGSL 1
#define STDC_HEADERS 1
#define HAVE_STDLIB_H 1
#define HAVE_STDLIB_H 1
#define HAVE_MALLOC 1
#define HAVE_POW 1

configure: exit 0
