This is pdfTeX, Version 3.14159265-2.6-1.40.21 (TeX Live 2020/Debian) (preloaded format=latex 2021.10.14)  5 FEB 2022 21:01
entering extended mode
 restricted \write18 enabled.
 %&-line parsing enabled.
**_formulas.tex
(./_formulas.tex
LaTeX2e <2020-10-01> patch level 4
L3 programming layer <2021-01-09> xparse <2020-03-03> (/usr/share/texlive/texmf
-dist/tex/latex/base/article.cls
Document Class: article 2020/04/10 v1.4m Standard LaTeX document class
(/usr/share/texlive/texmf-dist/tex/latex/base/size10.clo
File: size10.clo 2020/04/10 v1.4m Standard LaTeX file (size option)
)
\c@part=\count177
\c@section=\count178
\c@subsection=\count179
\c@subsubsection=\count180
\c@paragraph=\count181
\c@subparagraph=\count182
\c@figure=\count183
\c@table=\count184
\abovecaptionskip=\skip47
\belowcaptionskip=\skip48
\bibindent=\dimen138
) (/usr/share/texlive/texmf-dist/tex/latex/base/ifthen.sty
Package: ifthen 2014/09/29 v1.1c Standard LaTeX ifthen package (DPC)
) (/usr/share/texlive/texmf-dist/tex/latex/graphics/epsfig.sty
Package: epsfig 2017/06/25 v1.7b (e)psfig emulation (SPQR)
(/usr/share/texlive/texmf-dist/tex/latex/graphics/graphicx.sty
Package: graphicx 2020/09/09 v1.2b Enhanced LaTeX Graphics (DPC,SPQR)
(/usr/share/texlive/texmf-dist/tex/latex/graphics/keyval.sty
Package: keyval 2014/10/28 v1.15 key=value parser (DPC)
\KV@toks@=\toks15
) (/usr/share/texlive/texmf-dist/tex/latex/graphics/graphics.sty
Package: graphics 2020/08/30 v1.4c Standard LaTeX Graphics (DPC,SPQR)
(/usr/share/texlive/texmf-dist/tex/latex/graphics/trig.sty
Package: trig 2016/01/03 v1.10 sin cos tan (DPC)
) (/usr/share/texlive/texmf-dist/tex/latex/graphics-cfg/graphics.cfg
File: graphics.cfg 2016/06/04 v1.11 sample graphics configuration
)
Package graphics Info: Driver file: dvips.def on input line 105.
(/usr/share/texlive/texmf-dist/tex/latex/graphics-def/dvips.def
File: dvips.def 2017/06/20 v3.1d Graphics/color driver for dvips
))
\Gin@req@height=\dimen139
\Gin@req@width=\dimen140
)
\epsfxsize=\dimen141
\epsfysize=\dimen142
) (/usr/share/texlive/texmf-dist/tex/latex/base/inputenc.sty
Package: inputenc 2020/08/01 v1.3d Input encoding file
\inpenc@prehook=\toks16
\inpenc@posthook=\toks17
) (/usr/share/texlive/texmf-dist/tex/latex/amsmath/amsmath.sty
Package: amsmath 2020/09/23 v2.17i AMS math features
\@mathmargin=\skip49
For additional information on amsmath, use the `?' option.
(/usr/share/texlive/texmf-dist/tex/latex/amsmath/amstext.sty
Package: amstext 2000/06/29 v2.01 AMS text
(/usr/share/texlive/texmf-dist/tex/latex/amsmath/amsgen.sty
File: amsgen.sty 1999/11/30 v2.0 generic functions
\@emptytoks=\toks18
\ex@=\dimen143
)) (/usr/share/texlive/texmf-dist/tex/latex/amsmath/amsbsy.sty
Package: amsbsy 1999/11/29 v1.2d Bold Symbols
\pmbraise@=\dimen144
) (/usr/share/texlive/texmf-dist/tex/latex/amsmath/amsopn.sty
Package: amsopn 2016/03/08 v2.02 operator names
)
\inf@bad=\count185
LaTeX Info: Redefining \frac on input line 234.
\uproot@=\count186
\leftroot@=\count187
LaTeX Info: Redefining \overline on input line 399.
\classnum@=\count188
\DOTSCASE@=\count189
LaTeX Info: Redefining \ldots on input line 496.
LaTeX Info: Redefining \dots on input line 499.
LaTeX Info: Redefining \cdots on input line 620.
\Mathstrutbox@=\box47
\strutbox@=\box48
\big@size=\dimen145
LaTeX Font Info:    Redeclaring font encoding OML on input line 743.
LaTeX Font Info:    Redeclaring font encoding OMS on input line 744.
\macc@depth=\count190
\c@MaxMatrixCols=\count191
\dotsspace@=\muskip16
\c@parentequation=\count192
\dspbrk@lvl=\count193
\tag@help=\toks19
\row@=\count194
\column@=\count195
\maxfields@=\count196
\andhelp@=\toks20
\eqnshift@=\dimen146
\alignsep@=\dimen147
\tagshift@=\dimen148
\tagwidth@=\dimen149
\totwidth@=\dimen150
\lineht@=\dimen151
\@envbody=\toks21
\multlinegap=\skip50
\multlinetaggap=\skip51
\mathdisplay@stack=\toks22
LaTeX Info: Redefining \[ on input line 2923.
LaTeX Info: Redefining \] on input line 2924.
) (/usr/share/texlive/texmf-dist/tex/latex/amsfonts/amssymb.sty
Package: amssymb 2013/01/14 v3.01 AMS font symbols
(/usr/share/texlive/texmf-dist/tex/latex/amsfonts/amsfonts.sty
Package: amsfonts 2013/01/14 v3.01 Basic AMSFonts support
\symAMSa=\mathgroup4
\symAMSb=\mathgroup5
LaTeX Font Info:    Redeclaring math symbol \hbar on input line 98.
LaTeX Font Info:    Overwriting math alphabet `\mathfrak' in version `bold'
(Font)                  U/euf/m/n --> U/euf/b/n on input line 106.
)) (/usr/share/texlive/texmf-dist/tex/latex/newunicodechar/newunicodechar.sty
Package: newunicodechar 2018/04/08 v1.2 Defining Unicode characters
)

Package newunicodechar Warning: Redefining Unicode character on input line 11.


Package newunicodechar Warning: Redefining Unicode character on input line 12.

(/usr/share/texlive/texmf-dist/tex/latex/l3backend/l3backend-dvips.def
File: l3backend-dvips.def 2020-01-29 L3 backend support: dvips
\l__pdf_internal_box=\box49
\g__pdf_backend_object_int=\count197
\l__pdf_backend_content_box=\box50
\l__pdf_backend_model_box=\box51
\g__pdf_backend_annotation_int=\count198
\g__pdf_backend_link_int=\count199
\g__pdf_backend_link_sf_int=\count266
)
No file _formulas.aux.
\openout1 = `_formulas.aux'.

LaTeX Font Info:    Checking defaults for OML/cmm/m/it on input line 15.
LaTeX Font Info:    ... okay on input line 15.
LaTeX Font Info:    Checking defaults for OMS/cmsy/m/n on input line 15.
LaTeX Font Info:    ... okay on input line 15.
LaTeX Font Info:    Checking defaults for OT1/cmr/m/n on input line 15.
LaTeX Font Info:    ... okay on input line 15.
LaTeX Font Info:    Checking defaults for T1/cmr/m/n on input line 15.
LaTeX Font Info:    ... okay on input line 15.
LaTeX Font Info:    Checking defaults for TS1/cmr/m/n on input line 15.
LaTeX Font Info:    ... okay on input line 15.
LaTeX Font Info:    Checking defaults for OMX/cmex/m/n on input line 15.
LaTeX Font Info:    ... okay on input line 15.
LaTeX Font Info:    Checking defaults for U/cmr/m/n on input line 15.
LaTeX Font Info:    ... okay on input line 15.
LaTeX Font Info:    Trying to load font information for U+msa on input line 16.

(/usr/share/texlive/texmf-dist/tex/latex/amsfonts/umsa.fd
File: umsa.fd 2013/01/14 v3.01 AMS symbols A
)
LaTeX Font Info:    Trying to load font information for U+msb on input line 16.

(/usr/share/texlive/texmf-dist/tex/latex/amsfonts/umsb.fd
File: umsb.fd 2013/01/14 v3.01 AMS symbols B
) [1

] [2] [3] [4] [5] [6] [7] [8] [9] [10] [11] [12] [13] [14] [15] [16] [17] [18] 
[19] [20] [21] [22] [23] [24] [25] [26] [27] [28] [29] [30] [31] [32] [33] [34]
[35] [36] [37] [38] [39] [40] [41] [42] [43] [44] [45] [46] [47] [48] [49] [50]
[51] [52] [53] [54] [55] [56] [57] [58] [59] [60] [61] [62] [63] [64] [65] [66]
[67] [68] [69] [70] [71] [72] [73] [74] [75] [76] [77] [78] [79] [80] [81] [82]
[83] [84] [85] [86] [87] [88] [89] [90] [91] [92] [93] [94] [95] [96] [97] [98]
[99] [100] [101] [102] [103] [104] [105] [106] [107] [108] [109] [110] [111] [1
12] [113] [114] [115] [116] [117] [118] [119] [120] [121] [122] [123] [124] [12
5] [126] [127] [128] [129] [130] [131] [132] [133] [134] [135] [136] [137] [138
] [139] [140] [141] [142] [143] [144] [145] [146] [147] [148] [149] [150] [151]
[152] [153] [154] [155] [156] [157] [158] [159] [160] [161] [162] [163] [164] [
165] [166] [167] [168] [169] [170] [171] [172] [173] [174] [175] [176] [177] [1
78] [179] [180] [181] [182] [183] [184] [185] [186] [187] [188] [189] [190] [19
1] [192] [193] [194] [195] [196] [197] [198] [199] [200] [201] [202] [203] [204
] [205] [206] [207] [208] [209] [210] [211] [212] [213] [214] [215] [216] [217]
[218] [219] [220] [221] [222] [223] [224] [225] [226] [227] [228] [229] [230] [
231] [232] [233] [234] [235] [236] [237] [238] [239] [240] [241] [242] [243] [2
44] [245] [246] [247] [248] [249] [250] [251] [252] [253] [254] [255] [256] [25
7] [258] [259] [260] [261] [262] [263] [264] [265] [266] [267] [268] [269] [270
] [271] [272] [273] [274] [275] [276] [277] [278] [279] [280] [281] [282] [283]
[284] [285] [286] [287] [288] [289] [290] [291] [292] [293] [294] [295] [296] [
297] [298] [299] [300] [301] [302] [303] [304] [305] [306] [307] [308] [309] [3
10]
Overfull \hbox (42.48874pt too wide) detected at line 946
[][]\OML/cmm/m/it/10 F[]\OT1/cmr/m/n/10 (\OML/cmm/m/it/10 a; b\OT1/cmr/m/n/10 ;
 \OML/cmm/m/it/10 c\OT1/cmr/m/n/10 ; \OML/cmm/m/it/10 x\OT1/cmr/m/n/10 ) = [][]
[]\OML/cmm/m/it/10 F[]\OT1/cmr/m/n/10 (\OML/cmm/m/it/10 a; b\OT1/cmr/m/n/10 ; 1
 \OMS/cmsy/m/n/10 ^^@ \OML/cmm/m/it/10 d\OT1/cmr/m/n/10 ; 1 \OMS/cmsy/m/n/10 ^^
@ \OML/cmm/m/it/10 x\OT1/cmr/m/n/10 ) + [][][]\OML/cmm/m/it/10 F[]\OT1/cmr/m/n/
10 (\OML/cmm/m/it/10 c \OMS/cmsy/m/n/10 ^^@ \OML/cmm/m/it/10 a; c \OMS/cmsy/m/n
/10 ^^@ \OML/cmm/m/it/10 b\OT1/cmr/m/n/10 ; 1 + \OML/cmm/m/it/10 d\OT1/cmr/m/n/
10 ; 1 \OMS/cmsy/m/n/10 ^^@ \OML/cmm/m/it/10 x\OT1/cmr/m/n/10 )
 []

[311] [312]
Overfull \hbox (3.25502pt too wide) detected at line 952
[][]\OML/cmm/m/it/10 F[]\OT1/cmr/m/n/10 (\OML/cmm/m/it/10 a; b\OT1/cmr/m/n/10 ;
 \OML/cmm/m/it/10 a \OT1/cmr/m/n/10 + \OML/cmm/m/it/10 b \OT1/cmr/m/n/10 + \OML
/cmm/m/it/10 m\OT1/cmr/m/n/10 ; \OML/cmm/m/it/10 x\OT1/cmr/m/n/10 ) = [] [] [](
1 \OMS/cmsy/m/n/10 ^^@ \OML/cmm/m/it/10 x\OT1/cmr/m/n/10 )[] + (\OMS/cmsy/m/n/1
0 ^^@\OT1/cmr/m/n/10 1)[]
 []

[313] [314] [315] [316] [317]
Overfull \hbox (268.4363pt too wide) detected at line 967
\OT1/cmr/m/n/10 2\OML/cmm/m/it/10 n\OT1/cmr/m/n/10 (\OML/cmm/m/it/10  \OT1/cmr
/m/n/10 + \OML/cmm/m/it/10 ^^L \OT1/cmr/m/n/10 + \OML/cmm/m/it/10 n\OT1/cmr/m/n
/10 )(\OML/cmm/m/it/10  \OT1/cmr/m/n/10 + \OML/cmm/m/it/10 ^^L \OT1/cmr/m/n/10
 + 2\OML/cmm/m/it/10 n \OMS/cmsy/m/n/10 ^^@ \OT1/cmr/m/n/10 2)\OML/cmm/m/it/10 
P[]\OT1/cmr/m/n/10 (\OML/cmm/m/it/10 x\OT1/cmr/m/n/10 ) = (\OML/cmm/m/it/10  \
OT1/cmr/m/n/10 + \OML/cmm/m/it/10 ^^L \OT1/cmr/m/n/10 + 2\OML/cmm/m/it/10 n \OM
S/cmsy/m/n/10 ^^@ \OT1/cmr/m/n/10 1)((\OML/cmm/m/it/10 [] \OMS/cmsy/m/n/10 ^^@
 \OML/cmm/m/it/10 ^^L[]\OT1/cmr/m/n/10 ) + \OML/cmm/m/it/10 x\OT1/cmr/m/n/10 (\
OML/cmm/m/it/10  \OT1/cmr/m/n/10 + \OML/cmm/m/it/10 ^^L \OT1/cmr/m/n/10 + 2\OM
L/cmm/m/it/10 n \OMS/cmsy/m/n/10 ^^@ \OT1/cmr/m/n/10 2)(\OML/cmm/m/it/10  \OT1
/cmr/m/n/10 + \OML/cmm/m/it/10 ^^L \OT1/cmr/m/n/10 + 2\OML/cmm/m/it/10 n\OT1/cm
r/m/n/10 ))\OML/cmm/m/it/10 P[]\OT1/cmr/m/n/10 (\OML/cmm/m/it/10 x\OT1/cmr/m/n/
10 ) \OMS/cmsy/m/n/10 ^^@ \OT1/cmr/m/n/10 2(\OML/cmm/m/it/10  \OT1/cmr/m/n/10 
+ \OML/cmm/m/it/10 n \OMS/cmsy/m/n/10 ^^@ \OT1/cmr/m/n/10 1)(\OML/cmm/m/it/10 ^
^L \OT1/cmr/m/n/10 + \OML/cmm/m/it/10 n \OMS/cmsy/m/n/10 ^^@ \OT1/cmr/m/n/10 1)
(\OML/cmm/m/it/10  \OT1/cmr/m/n/10 + \OML/cmm/m/it/10 ^^L \OT1/cmr/m/n/10 + 2\
OML/cmm/m/it/10 n\OT1/cmr/m/n/10 )\OML/cmm/m/it/10 P[]\OT1/cmr/m/n/10 (\OML/cmm
/m/it/10 x\OT1/cmr/m/n/10 )
 []

[318] [319] [320] [321] [322] [323] [324] [325] [326] [327] [328] [329] [330] [
331] [332] [333] [334] [335] [336] [337] [338] [339] [340] [341] [342] [343] [3
44] [345] [346] [347] [348] [349] [350] [351] [352] [353] [354] [355] [356] [35
7] [358] [359] [360] [361] [362] [363] [364] [365] [366] [367] [368] [369] [370
] [371] [372] [373] [374] [375] [376] [377] [378] [379] [380] [381] [382] [383]
[384] [385] [386] [387] [388] [389] [390] [391] [392] [393] [394] [395] [396] [
397] [398] [399] [400] [401] [402] [403] [404] [405] [406] [407] [408] [409] [4
10] [411] [412] [413] [414] [415] [416] [417] [418] [419] [420] [421] [422] [42
3] [424] [425] [426] [427] [428] [429] [430] [431] [432] [433]

Package amsmath Warning: Foreign command \atopwithdelims;
(amsmath)                \frac or \genfrac should be used instead
(amsmath)                 on input line 1315.

[434] [435] [436] [437] [438] [439] [440] [441] [442] [443] [444] [445] [446] [
447] [448] [449] [450] [451] [452] [453] [454] [455] [456] [457] [458] [459] [4
60] [461] [462] [463] [464] [465] [466] [467] [468] [469] [470] [471] [472] [47
3] [474] [475] [476] [477] [478] [479] [480] [481] [482] [483] [484] [485] [486
] [487] [488] [489] [490] [491] [492] [493] [494] [495] [496] [497] [498] [499]
[500] [501] [502] [503] [504] [505] [506] [507] [508] [509] [510] [511] [512] [
513] [514] [515] [516] [517] [518] [519] [520] [521] [522] [523] [524] [525] [5
26] [527] [528] [529] [530] [531] [532] [533] [534] [535] [536] [537] [538] [53
9] [540] [541] [542] [543] [544] (./_formulas.aux) ) 
Here is how much of TeX's memory you used:
 2045 strings out of 479305
 27384 string characters out of 5869804
 303268 words of memory out of 5000000
 19251 multiletter control sequences out of 15000+600000
 406173 words of font info for 38 fonts, out of 8000000 for 9000
 1141 hyphenation exceptions out of 8191
 83i,7n,88p,350b,115s stack positions out of 5000i,500n,10000p,200000b,80000s

Output written on _formulas.dvi (544 pages, 99288 bytes).
