This is pdfTeX, Version 3.14159265-2.6-1.40.18 (TeX Live 2017/Debian) (preloaded format=latex 2018.10.12)  12 OCT 2018 16:33
entering extended mode
 restricted \write18 enabled.
 %&-line parsing enabled.
**_formulas.tex
(./_formulas.tex
LaTeX2e <2017-04-15>
Babel <3.18> and hyphenation patterns for 84 language(s) loaded.
(/usr/share/texlive/texmf-dist/tex/latex/base/article.cls
Document Class: article 2014/09/29 v1.4h Standard LaTeX document class
(/usr/share/texlive/texmf-dist/tex/latex/base/size10.clo
File: size10.clo 2014/09/29 v1.4h Standard LaTeX file (size option)
)
\c@part=\count79
\c@section=\count80
\c@subsection=\count81
\c@subsubsection=\count82
\c@paragraph=\count83
\c@subparagraph=\count84
\c@figure=\count85
\c@table=\count86
\abovecaptionskip=\skip41
\belowcaptionskip=\skip42
\bibindent=\dimen102
)
(/usr/share/texlive/texmf-dist/tex/latex/graphics/epsfig.sty
Package: epsfig 2017/06/25 v1.7b (e)psfig emulation (SPQR)

(/usr/share/texlive/texmf-dist/tex/latex/graphics/graphicx.sty
Package: graphicx 2017/06/01 v1.1a Enhanced LaTeX Graphics (DPC,SPQR)

(/usr/share/texlive/texmf-dist/tex/latex/graphics/keyval.sty
Package: keyval 2014/10/28 v1.15 key=value parser (DPC)
\KV@toks@=\toks14
)
(/usr/share/texlive/texmf-dist/tex/latex/graphics/graphics.sty
Package: graphics 2017/06/25 v1.2c Standard LaTeX Graphics (DPC,SPQR)

(/usr/share/texlive/texmf-dist/tex/latex/graphics/trig.sty
Package: trig 2016/01/03 v1.10 sin cos tan (DPC)
)
(/usr/share/texlive/texmf-dist/tex/latex/graphics-cfg/graphics.cfg
File: graphics.cfg 2016/06/04 v1.11 sample graphics configuration
)
Package graphics Info: Driver file: dvips.def on input line 99.

(/usr/share/texlive/texmf-dist/tex/latex/graphics-def/dvips.def
File: dvips.def 2017/06/20 v3.1d Graphics/color driver for dvips
))
\Gin@req@height=\dimen103
\Gin@req@width=\dimen104
)
\epsfxsize=\dimen105
\epsfysize=\dimen106
)
(/usr/share/texlive/texmf-dist/tex/latex/amsmath/amsmath.sty
Package: amsmath 2017/09/02 v2.17a AMS math features
\@mathmargin=\skip43

For additional information on amsmath, use the `?' option.
(/usr/share/texlive/texmf-dist/tex/latex/amsmath/amstext.sty
Package: amstext 2000/06/29 v2.01 AMS text

(/usr/share/texlive/texmf-dist/tex/latex/amsmath/amsgen.sty
File: amsgen.sty 1999/11/30 v2.0 generic functions
\@emptytoks=\toks15
\ex@=\dimen107
))
(/usr/share/texlive/texmf-dist/tex/latex/amsmath/amsbsy.sty
Package: amsbsy 1999/11/29 v1.2d Bold Symbols
\pmbraise@=\dimen108
)
(/usr/share/texlive/texmf-dist/tex/latex/amsmath/amsopn.sty
Package: amsopn 2016/03/08 v2.02 operator names
)
\inf@bad=\count87
LaTeX Info: Redefining \frac on input line 213.
\uproot@=\count88
\leftroot@=\count89
LaTeX Info: Redefining \overline on input line 375.
\classnum@=\count90
\DOTSCASE@=\count91
LaTeX Info: Redefining \ldots on input line 472.
LaTeX Info: Redefining \dots on input line 475.
LaTeX Info: Redefining \cdots on input line 596.
\Mathstrutbox@=\box26
\strutbox@=\box27
\big@size=\dimen109
LaTeX Font Info:    Redeclaring font encoding OML on input line 712.
LaTeX Font Info:    Redeclaring font encoding OMS on input line 713.
\macc@depth=\count92
\c@MaxMatrixCols=\count93
\dotsspace@=\muskip10
\c@parentequation=\count94
\dspbrk@lvl=\count95
\tag@help=\toks16
\row@=\count96
\column@=\count97
\maxfields@=\count98
\andhelp@=\toks17
\eqnshift@=\dimen110
\alignsep@=\dimen111
\tagshift@=\dimen112
\tagwidth@=\dimen113
\totwidth@=\dimen114
\lineht@=\dimen115
\@envbody=\toks18
\multlinegap=\skip44
\multlinetaggap=\skip45
\mathdisplay@stack=\toks19
LaTeX Info: Redefining \[ on input line 2817.
LaTeX Info: Redefining \] on input line 2818.
)
(/usr/share/texlive/texmf-dist/tex/latex/amsfonts/amssymb.sty
Package: amssymb 2013/01/14 v3.01 AMS font symbols

(/usr/share/texlive/texmf-dist/tex/latex/amsfonts/amsfonts.sty
Package: amsfonts 2013/01/14 v3.01 Basic AMSFonts support
\symAMSa=\mathgroup4
\symAMSb=\mathgroup5
LaTeX Font Info:    Overwriting math alphabet `\mathfrak' in version `bold'
(Font)                  U/euf/m/n --> U/euf/b/n on input line 106.
))
No file _formulas.aux.
\openout1 = `_formulas.aux'.

LaTeX Font Info:    Checking defaults for OML/cmm/m/it on input line 8.
LaTeX Font Info:    ... okay on input line 8.
LaTeX Font Info:    Checking defaults for T1/cmr/m/n on input line 8.
LaTeX Font Info:    ... okay on input line 8.
LaTeX Font Info:    Checking defaults for OT1/cmr/m/n on input line 8.
LaTeX Font Info:    ... okay on input line 8.
LaTeX Font Info:    Checking defaults for OMS/cmsy/m/n on input line 8.
LaTeX Font Info:    ... okay on input line 8.
LaTeX Font Info:    Checking defaults for OMX/cmex/m/n on input line 8.
LaTeX Font Info:    ... okay on input line 8.
LaTeX Font Info:    Checking defaults for U/cmr/m/n on input line 8.
LaTeX Font Info:    ... okay on input line 8.
LaTeX Font Info:    Try loading font information for U+msa on input line 9.
(/usr/share/texlive/texmf-dist/tex/latex/amsfonts/umsa.fd
File: umsa.fd 2013/01/14 v3.01 AMS symbols A
)
LaTeX Font Info:    Try loading font information for U+msb on input line 9.

(/usr/share/texlive/texmf-dist/tex/latex/amsfonts/umsb.fd
File: umsb.fd 2013/01/14 v3.01 AMS symbols B
) [1

] [2] [3] [4]
[5] [6] [7] [8] [9] [10] [11] [12] [13] [14] [15] [16] [17] [18] [19] [20]
[21] [22] [23] [24] [25] [26] [27] [28] [29] [30] [31] [32] [33] [34] [35]
[36] [37] [38] [39] [40] [41] [42] [43] [44] [45] [46] [47] [48] [49] [50]
[51] [52] [53] [54] [55] [56] [57] [58] [59] [60] [61] [62] [63] [64] [65]
[66] [67] [68] [69] [70] [71] [72] [73] [74] [75] [76] [77] [78] [79] [80]
[81] [82] [83] [84] [85] [86] [87] [88] [89] [90] [91] [92] [93] [94] [95]
[96] [97] [98] [99] [100] [101] [102] [103] [104] [105] [106] [107] [108]
[109] [110] [111] [112] [113] [114] [115] [116] [117]
Overfull \hbox (266.21407pt too wide) detected at line 360
\OT1/cmr/m/n/10 2\OML/cmm/m/it/10 n\OT1/cmr/m/n/10 (\OML/cmm/m/it/10  \OT1/cmr
/m/n/10 + \OML/cmm/m/it/10 ^^L \OT1/cmr/m/n/10 + \OML/cmm/m/it/10 n\OT1/cmr/m/n
/10 )(\OML/cmm/m/it/10  \OT1/cmr/m/n/10 + \OML/cmm/m/it/10 ^^L \OT1/cmr/m/n/10
 + 2\OML/cmm/m/it/10 n \OMS/cmsy/m/n/10 ^^@ \OT1/cmr/m/n/10 2)\OML/cmm/m/it/10 
P[]\OT1/cmr/m/n/10 (\OML/cmm/m/it/10 x\OT1/cmr/m/n/10 ) = (\OML/cmm/m/it/10  \
OT1/cmr/m/n/10 + \OML/cmm/m/it/10 ^^L \OT1/cmr/m/n/10 + 2\OML/cmm/m/it/10 n \OM
S/cmsy/m/n/10 ^^@ \OT1/cmr/m/n/10 1)[(\OML/cmm/m/it/10 [] \OMS/cmsy/m/n/10 ^^@
 \OML/cmm/m/it/10 ^^L[]\OT1/cmr/m/n/10 ) + \OML/cmm/m/it/10 x\OT1/cmr/m/n/10 (\
OML/cmm/m/it/10  \OT1/cmr/m/n/10 + \OML/cmm/m/it/10 ^^L \OT1/cmr/m/n/10 + 2\OM
L/cmm/m/it/10 n \OMS/cmsy/m/n/10 ^^@ \OT1/cmr/m/n/10 2)(\OML/cmm/m/it/10  \OT1
/cmr/m/n/10 + \OML/cmm/m/it/10 ^^L \OT1/cmr/m/n/10 + 2\OML/cmm/m/it/10 n\OT1/cm
r/m/n/10 )]\OML/cmm/m/it/10 P[]\OT1/cmr/m/n/10 (\OML/cmm/m/it/10 x\OT1/cmr/m/n/
10 ) \OMS/cmsy/m/n/10 ^^@ \OT1/cmr/m/n/10 2(\OML/cmm/m/it/10  \OT1/cmr/m/n/10 
+ \OML/cmm/m/it/10 n \OMS/cmsy/m/n/10 ^^@ \OT1/cmr/m/n/10 1)(\OML/cmm/m/it/10 ^
^L \OT1/cmr/m/n/10 + \OML/cmm/m/it/10 n \OMS/cmsy/m/n/10 ^^@ \OT1/cmr/m/n/10 1)
(\OML/cmm/m/it/10  \OT1/cmr/m/n/10 + \OML/cmm/m/it/10 ^^L \OT1/cmr/m/n/10 + 2\
OML/cmm/m/it/10 n\OT1/cmr/m/n/10 )\OML/cmm/m/it/10 P[]\OT1/cmr/m/n/10 (\OML/cmm
/m/it/10 x\OT1/cmr/m/n/10 )
 []

[118] [119] [120] [121] [122] [123] [124] [125] [126] [127] [128] [129]
[130] [131] [132] [133] [134] [135] [136] [137] [138] [139] [140] [141]
[142] [143] [144] [145] [146] [147] [148] [149] [150] [151] [152] [153]
[154] [155] [156] [157] [158] [159] [160] [161] [162] [163] [164] [165]
[166] [167] [168] [169] [170] [171] [172] [173] [174] [175] [176] [177]
[178] [179] [180] [181] [182] [183] [184] [185]
! Undefined control sequence.
l.564 \[ \polygamma
                   (x) = \frac{d}{dx}log\left(\Gamma(x)\right) = \frac{\Gamm...

? 
[186] [187] [188] [189] [190] [191] [192] [193] [194] [195] [196] [197]
[198] [199] [200] [201] [202] [203] [204] [205] [206] [207] [208] [209]
[210] [211] [212] [213] [214] [215] [216] [217] [218] [219] [220] [221]
[222] [223] [224] [225] [226] [227] [228] [229] [230] [231] [232] [233]
[234] [235] [236] [237] [238] [239] [240] [241] [242] [243] [244] [245]
[246] [247] [248] [249] [250] [251] [252] [253] [254] [255] [256] [257]
[258] [259] [260] [261] [262] [263] [264] [265] [266] [267] [268] [269]
[270] [271] [272] [273] [274] [275] [276] [277] [278] [279] [280] [281]
[282] [283] [284] [285] [286] [287] [288] [289] [290] [291] [292] [293]
[294] [295] [296] [297] [298] [299] [300] [301] [302] [303] [304] [305]
[306] [307] [308] [309] [310] [311] [312] [313] [314] [315] [316] [317]
[318] [319] [320] [321] [322] [323] [324] [325] [326] [327] [328] [329]
[330] [331] [332] [333] [334] [335] [336] [337] [338] [339] [340] [341]
[342] [343] [344] [345] [346] [347] [348] [349] [350] [351] [352] [353]
[354] [355] [356] [357] [358] [359] [360] [361] [362] [363] [364] [365]
[366] [367] [368] [369] [370] [371] [372] [373] [374] [375] [376] [377]
[378] [379] [380] [381] [382] [383] [384] [385] [386] [387] [388] [389]
[390] [391] [392] [393] [394] [395] [396] [397] [398] [399] [400] [401]
[402] [403] [404] [405] [406] [407] [408] [409] [410] [411] [412] [413]
[414] [415] [416] [417] [418] [419] [420] [421] [422] [423] [424] [425]
[426] [427] [428] [429] [430] [431] [432] [433] [434] [435] [436] [437]
[438] [439] [440] [441] [442] [443] [444] [445] [446] [447] [448] [449]
[450] [451] [452] [453] [454] [455] [456] [457] [458] [459] [460] [461]
[462] [463] [464] [465] [466] [467] [468] [469] [470] [471] [472] [473]
[474] [475] [476] [477] [478] [479] [480] [481] [482] [483] [484] [485]
[486] [487] [488] [489] [490] [491] [492] [493] [494] [495] [496] [497]
[498] [499] [500] [501] [502] [503] [504] [505] [506] [507] [508] [509]
[510] [511] [512] [513] [514] [515] [516] [517] [518] [519] [520] [521]
[522] [523] [524] [525] [526] [527] [528] [529] [530] [531] [532] [533]
[534] [535] [536] [537] [538] [539] [540] [541] [542] [543] [544] [545]
[546] [547] [548] [549] [550] [551] [552] [553] [554] [555] [556] [557]
[558]
Overfull \hbox (42.48874pt too wide) detected at line 1683
[][]\OML/cmm/m/it/10 F[]\OT1/cmr/m/n/10 (\OML/cmm/m/it/10 a; b\OT1/cmr/m/n/10 ;
 \OML/cmm/m/it/10 c\OT1/cmr/m/n/10 ; \OML/cmm/m/it/10 x\OT1/cmr/m/n/10 ) = [][]
[]\OML/cmm/m/it/10 F[]\OT1/cmr/m/n/10 (\OML/cmm/m/it/10 a; b\OT1/cmr/m/n/10 ; 1
 \OMS/cmsy/m/n/10 ^^@ \OML/cmm/m/it/10 d\OT1/cmr/m/n/10 ; 1 \OMS/cmsy/m/n/10 ^^
@ \OML/cmm/m/it/10 x\OT1/cmr/m/n/10 ) + [][][]\OML/cmm/m/it/10 F[]\OT1/cmr/m/n/
10 (\OML/cmm/m/it/10 c \OMS/cmsy/m/n/10 ^^@ \OML/cmm/m/it/10 a; c \OMS/cmsy/m/n
/10 ^^@ \OML/cmm/m/it/10 b\OT1/cmr/m/n/10 ; 1 + \OML/cmm/m/it/10 d\OT1/cmr/m/n/
10 ; 1 \OMS/cmsy/m/n/10 ^^@ \OML/cmm/m/it/10 x\OT1/cmr/m/n/10 )
 []

[559] [560]
Overfull \hbox (3.25502pt too wide) detected at line 1689
[][]\OML/cmm/m/it/10 F[]\OT1/cmr/m/n/10 (\OML/cmm/m/it/10 a; b\OT1/cmr/m/n/10 ;
 \OML/cmm/m/it/10 a \OT1/cmr/m/n/10 + \OML/cmm/m/it/10 b \OT1/cmr/m/n/10 + \OML
/cmm/m/it/10 m\OT1/cmr/m/n/10 ; \OML/cmm/m/it/10 x\OT1/cmr/m/n/10 ) = [] [] [](
1 \OMS/cmsy/m/n/10 ^^@ \OML/cmm/m/it/10 x\OT1/cmr/m/n/10 )[] + (\OMS/cmsy/m/n/1
0 ^^@\OT1/cmr/m/n/10 1)[]
 []

[561] [562] [563]
Overfull \hbox (268.4363pt too wide) detected at line 1698
\OT1/cmr/m/n/10 2\OML/cmm/m/it/10 n\OT1/cmr/m/n/10 (\OML/cmm/m/it/10  \OT1/cmr
/m/n/10 + \OML/cmm/m/it/10 ^^L \OT1/cmr/m/n/10 + \OML/cmm/m/it/10 n\OT1/cmr/m/n
/10 )(\OML/cmm/m/it/10  \OT1/cmr/m/n/10 + \OML/cmm/m/it/10 ^^L \OT1/cmr/m/n/10
 + 2\OML/cmm/m/it/10 n \OMS/cmsy/m/n/10 ^^@ \OT1/cmr/m/n/10 2)\OML/cmm/m/it/10 
P[]\OT1/cmr/m/n/10 (\OML/cmm/m/it/10 x\OT1/cmr/m/n/10 ) = (\OML/cmm/m/it/10  \
OT1/cmr/m/n/10 + \OML/cmm/m/it/10 ^^L \OT1/cmr/m/n/10 + 2\OML/cmm/m/it/10 n \OM
S/cmsy/m/n/10 ^^@ \OT1/cmr/m/n/10 1)((\OML/cmm/m/it/10 [] \OMS/cmsy/m/n/10 ^^@
 \OML/cmm/m/it/10 ^^L[]\OT1/cmr/m/n/10 ) + \OML/cmm/m/it/10 x\OT1/cmr/m/n/10 (\
OML/cmm/m/it/10  \OT1/cmr/m/n/10 + \OML/cmm/m/it/10 ^^L \OT1/cmr/m/n/10 + 2\OM
L/cmm/m/it/10 n \OMS/cmsy/m/n/10 ^^@ \OT1/cmr/m/n/10 2)(\OML/cmm/m/it/10  \OT1
/cmr/m/n/10 + \OML/cmm/m/it/10 ^^L \OT1/cmr/m/n/10 + 2\OML/cmm/m/it/10 n\OT1/cm
r/m/n/10 ))\OML/cmm/m/it/10 P[]\OT1/cmr/m/n/10 (\OML/cmm/m/it/10 x\OT1/cmr/m/n/
10 ) \OMS/cmsy/m/n/10 ^^@ \OT1/cmr/m/n/10 2(\OML/cmm/m/it/10  \OT1/cmr/m/n/10 
+ \OML/cmm/m/it/10 n \OMS/cmsy/m/n/10 ^^@ \OT1/cmr/m/n/10 1)(\OML/cmm/m/it/10 ^
^L \OT1/cmr/m/n/10 + \OML/cmm/m/it/10 n \OMS/cmsy/m/n/10 ^^@ \OT1/cmr/m/n/10 1)
(\OML/cmm/m/it/10  \OT1/cmr/m/n/10 + \OML/cmm/m/it/10 ^^L \OT1/cmr/m/n/10 + 2\
OML/cmm/m/it/10 n\OT1/cmr/m/n/10 )\OML/cmm/m/it/10 P[]\OT1/cmr/m/n/10 (\OML/cmm
/m/it/10 x\OT1/cmr/m/n/10 )
 []

[564] [565] [566] [567] [568] [569] [570] [571] [572] [573] [574] [575]
[576] [577] [578] [579] [580] [581] [582] [583] [584] [585] [586] [587]
[588] [589] [590] [591] [592] [593] [594] [595] [596] [597] [598] [599]
[600] [601] [602] [603] [604] [605] [606] [607] [608] [609] [610] [611]
[612] [613] [614] [615] [616] [617] [618] [619] [620] [621] [622] [623]
[624] [625] [626] [627] [628] [629] [630] [631] [632] [633] [634] [635]
[636] [637] [638] [639] [640] [641] [642] [643] [644] [645] [646] [647]
[648] [649] [650] [651] [652] [653] [654] [655] [656] [657] [658] [659]
[660] [661] [662] [663] [664] [665] [666] [667] [668] [669] [670] [671]
[672] [673] [674] [675] [676] [677] [678] [679] [680] [681] [682] [683]
[684] [685] [686] [687] [688] [689] [690] [691] [692] [693] [694] [695]
[696] [697] [698] [699] [700] [701] [702] [703] [704] [705] [706] [707]
! Missing delimiter (. inserted).
<to be read again> 
                   {
l.2130 \[ \gamma_k = \lim_{n\to\infty}\left{
                                             \sum_{i=1}^{n}\frac{(ln i)^k}{i...

? 
! Missing } inserted.
<inserted text> 
                }
l.2130 ...)^k}{i} - \frac{(ln n)^{k+1}}{k+1}\right
                                                  } \]
? 
! Missing delimiter (. inserted).
<to be read again> 
                   }
l.2130 ...^k}{i} - \frac{(ln n)^{k+1}}{k+1}\right}
                                                   \]
? 
! Extra }, or forgotten $.
<recently read> }
                 
l.2130 ...^k}{i} - \frac{(ln n)^{k+1}}{k+1}\right}
                                                   \]
? 
[708] [709] [710] [711] [712] [713] [714] [715] [716] [717] [718] [719]
[720] [721] [722] [723] [724] [725] [726] [727] [728] [729] [730]
(./_formulas.aux) ) 
Here is how much of TeX's memory you used:
 1487 strings out of 492983
 17381 string characters out of 6134921
 72004 words of memory out of 5000000
 5080 multiletter control sequences out of 15000+600000
 6383 words of font info for 25 fonts, out of 8000000 for 9000
 1141 hyphenation exceptions out of 8191
 32i,7n,26p,327b,115s stack positions out of 5000i,500n,10000p,200000b,80000s

Output written on _formulas.dvi (730 pages, 132700 bytes).
